2020-08-09 10:06:57,472  INFO [main] HomeTest:33 - Extent report configurtion is completed
2020-08-09 10:07:34,208  INFO [main] Class:33 - Entering harishkr755@gmail.com to [[ChromeDriver: chrome on XP (8687a73cae133f1c857c19cf104f25b5)] -> xpath: //input[@placeholder='E-mail address']]
2020-08-09 10:07:34,386  INFO [main] Class:33 - Entering Harish@123 to [[ChromeDriver: chrome on XP (8687a73cae133f1c857c19cf104f25b5)] -> xpath: //input[@placeholder='Password']]
2020-08-09 10:07:34,589  INFO [main] Class:28 - Clicked on the [[ChromeDriver: chrome on XP (8687a73cae133f1c857c19cf104f25b5)] -> xpath: //div[@class='ui fluid large blue submit button']]
2020-08-09 10:07:58,124  INFO [main] LoginTest:32 - Browser lounched...! and url is hited
2020-08-09 10:07:58,405  INFO [main] Class:33 - Entering harishkr755@gmail.com to [[ChromeDriver: chrome on XP (ef942d27667f6512870c3d821b891325)] -> xpath: //input[@placeholder='E-mail address']]
2020-08-09 10:07:58,575  INFO [main] Class:33 - Entering Harish@123 to [[ChromeDriver: chrome on XP (ef942d27667f6512870c3d821b891325)] -> xpath: //input[@placeholder='Password']]
2020-08-09 10:07:58,678  INFO [main] Class:28 - Clicked on the [[ChromeDriver: chrome on XP (ef942d27667f6512870c3d821b891325)] -> xpath: //div[@class='ui fluid large blue submit button']]
2020-08-09 10:08:20,101  INFO [main] LoginTest:32 - Browser lounched...! and url is hited
2020-08-09 10:08:38,046  INFO [main] LoginTest:32 - Browser lounched...! and url is hited
2020-08-09 10:08:38,354  INFO [main] Class:33 - Entering abc to [[ChromeDriver: chrome on XP (717537d7d2c65f58f8a373664ee3b576)] -> xpath: //input[@placeholder='E-mail address']]
2020-08-09 10:08:38,461  INFO [main] Class:33 - Entering abc to [[ChromeDriver: chrome on XP (717537d7d2c65f58f8a373664ee3b576)] -> xpath: //input[@placeholder='Password']]
2020-08-09 10:08:38,565  INFO [main] Class:28 - Clicked on the [[ChromeDriver: chrome on XP (717537d7d2c65f58f8a373664ee3b576)] -> xpath: //div[@class='ui fluid large blue submit button']]
2020-08-09 10:09:10,773  INFO [main] LoginTest:32 - Browser lounched...! and url is hited
2020-08-09 10:09:23,294  INFO [main] Class:28 - Clicked on the Proxy element for: DefaultElementLocator 'By.xpath: //a[contains(text(),'Forgot your password?')]'
2020-08-09 10:09:47,503  INFO [main] LoginTest:32 - Browser lounched...! and url is hited
2020-08-09 10:09:59,630  INFO [main] Class:28 - Clicked on the Proxy element for: DefaultElementLocator 'By.xpath: //a[contains(text(),'Forgot your password?')]'
2020-08-09 10:10:17,207  INFO [main] Class:28 - Clicked on the Proxy element for: DefaultElementLocator 'By.xpath: //a[contains(text(),'Got an account? Log in here')]'
2020-08-09 10:10:23,239 DEBUG [main] cache:45 - Couldn't find template in cache for "v3html/v3-html-index.ftl"("en", UTF-8, parsed); will try to load it.
2020-08-09 10:10:23,242 DEBUG [main] cache:45 - TemplateLoader.findTemplateSource("v3html/v3-html-index_en.ftl"): Not found
2020-08-09 10:10:23,247 DEBUG [main] cache:45 - TemplateLoader.findTemplateSource("v3html/v3-html-index.ftl"): Found
2020-08-09 10:10:23,248 DEBUG [main] cache:45 - Loading template for "v3html/v3-html-index.ftl"("en", UTF-8, parsed) from "jar:file:/C:/Users/hp/.m2/repository/com/aventstack/extentreports/4.0.9/extentreports-4.0.9.jar!/com/aventstack/extentreports/view/v3html/v3-html-index.ftl"
2020-08-09 10:10:23,957 DEBUG [main] cache:45 - Couldn't find template in cache for "v3html/v3-html-head.ftl"("en", UTF-8, parsed); will try to load it.
2020-08-09 10:10:23,959 DEBUG [main] cache:45 - TemplateLoader.findTemplateSource("v3html/v3-html-head_en.ftl"): Not found
2020-08-09 10:10:23,961 DEBUG [main] cache:45 - TemplateLoader.findTemplateSource("v3html/v3-html-head.ftl"): Found
2020-08-09 10:10:23,962 DEBUG [main] cache:45 - Loading template for "v3html/v3-html-head.ftl"("en", UTF-8, parsed) from "jar:file:/C:/Users/hp/.m2/repository/com/aventstack/extentreports/4.0.9/extentreports-4.0.9.jar!/com/aventstack/extentreports/view/v3html/v3-html-head.ftl"
2020-08-09 10:10:23,977 DEBUG [main] cache:45 - Couldn't find template in cache for "v3html/v3-html-nav.ftl"("en", UTF-8, parsed); will try to load it.
2020-08-09 10:10:23,979 DEBUG [main] cache:45 - TemplateLoader.findTemplateSource("v3html/v3-html-nav_en.ftl"): Not found
2020-08-09 10:10:23,981 DEBUG [main] cache:45 - TemplateLoader.findTemplateSource("v3html/v3-html-nav.ftl"): Found
2020-08-09 10:10:23,982 DEBUG [main] cache:45 - Loading template for "v3html/v3-html-nav.ftl"("en", UTF-8, parsed) from "jar:file:/C:/Users/hp/.m2/repository/com/aventstack/extentreports/4.0.9/extentreports-4.0.9.jar!/com/aventstack/extentreports/view/v3html/v3-html-nav.ftl"
2020-08-09 10:10:24,018 DEBUG [main] cache:45 - Couldn't find template in cache for "v3html/test-view/v3-html-test-view.ftl"("en", UTF-8, parsed); will try to load it.
2020-08-09 10:10:24,020 DEBUG [main] cache:45 - TemplateLoader.findTemplateSource("v3html/test-view/v3-html-test-view_en.ftl"): Not found
2020-08-09 10:10:24,020 DEBUG [main] cache:45 - TemplateLoader.findTemplateSource("v3html/test-view/v3-html-test-view.ftl"): Found
2020-08-09 10:10:24,021 DEBUG [main] cache:45 - Loading template for "v3html/test-view/v3-html-test-view.ftl"("en", UTF-8, parsed) from "jar:file:/C:/Users/hp/.m2/repository/com/aventstack/extentreports/4.0.9/extentreports-4.0.9.jar!/com/aventstack/extentreports/view/v3html/test-view/v3-html-test-view.ftl"
2020-08-09 10:10:24,092 DEBUG [main] cache:45 - Couldn't find template in cache for "v3html/test-view/v3-html-test-view-charts.ftl"("en", UTF-8, parsed); will try to load it.
2020-08-09 10:10:24,093 DEBUG [main] cache:45 - TemplateLoader.findTemplateSource("v3html/test-view/v3-html-test-view-charts_en.ftl"): Not found
2020-08-09 10:10:24,094 DEBUG [main] cache:45 - TemplateLoader.findTemplateSource("v3html/test-view/v3-html-test-view-charts.ftl"): Found
2020-08-09 10:10:24,095 DEBUG [main] cache:45 - Loading template for "v3html/test-view/v3-html-test-view-charts.ftl"("en", UTF-8, parsed) from "jar:file:/C:/Users/hp/.m2/repository/com/aventstack/extentreports/4.0.9/extentreports-4.0.9.jar!/com/aventstack/extentreports/view/v3html/test-view/v3-html-test-view-charts.ftl"
2020-08-09 10:10:24,145 DEBUG [main] cache:45 - Couldn't find template in cache for "v3html/test-view/v3-html-standard.ftl"("en", UTF-8, parsed); will try to load it.
2020-08-09 10:10:24,146 DEBUG [main] cache:45 - TemplateLoader.findTemplateSource("v3html/test-view/v3-html-standard_en.ftl"): Not found
2020-08-09 10:10:24,146 DEBUG [main] cache:45 - TemplateLoader.findTemplateSource("v3html/test-view/v3-html-standard.ftl"): Found
2020-08-09 10:10:24,146 DEBUG [main] cache:45 - Loading template for "v3html/test-view/v3-html-standard.ftl"("en", UTF-8, parsed) from "jar:file:/C:/Users/hp/.m2/repository/com/aventstack/extentreports/4.0.9/extentreports-4.0.9.jar!/com/aventstack/extentreports/view/v3html/test-view/v3-html-standard.ftl"
2020-08-09 10:10:24,185 DEBUG [main] cache:45 - "v3html/test-view/v3-html-standard.ftl"("en", UTF-8, parsed) cached copy not yet stale; using cached.
2020-08-09 10:10:24,188 DEBUG [main] cache:45 - "v3html/test-view/v3-html-standard.ftl"("en", UTF-8, parsed) cached copy not yet stale; using cached.
2020-08-09 10:10:24,190 DEBUG [main] cache:45 - "v3html/test-view/v3-html-standard.ftl"("en", UTF-8, parsed) cached copy not yet stale; using cached.
2020-08-09 10:10:24,193 DEBUG [main] cache:45 - "v3html/test-view/v3-html-standard.ftl"("en", UTF-8, parsed) cached copy not yet stale; using cached.
2020-08-09 10:10:24,195 DEBUG [main] cache:45 - "v3html/test-view/v3-html-standard.ftl"("en", UTF-8, parsed) cached copy not yet stale; using cached.
2020-08-09 10:10:24,198 DEBUG [main] cache:45 - Couldn't find template in cache for "v3html/category-view/v3-html-category-view.ftl"("en", UTF-8, parsed); will try to load it.
2020-08-09 10:10:24,198 DEBUG [main] cache:45 - TemplateLoader.findTemplateSource("v3html/category-view/v3-html-category-view_en.ftl"): Not found
2020-08-09 10:10:24,199 DEBUG [main] cache:45 - TemplateLoader.findTemplateSource("v3html/category-view/v3-html-category-view.ftl"): Found
2020-08-09 10:10:24,199 DEBUG [main] cache:45 - Loading template for "v3html/category-view/v3-html-category-view.ftl"("en", UTF-8, parsed) from "jar:file:/C:/Users/hp/.m2/repository/com/aventstack/extentreports/4.0.9/extentreports-4.0.9.jar!/com/aventstack/extentreports/view/v3html/category-view/v3-html-category-view.ftl"
2020-08-09 10:10:24,204 DEBUG [main] cache:45 - Couldn't find template in cache for "v3html/exception-view/v3-html-exception-view.ftl"("en", UTF-8, parsed); will try to load it.
2020-08-09 10:10:24,205 DEBUG [main] cache:45 - TemplateLoader.findTemplateSource("v3html/exception-view/v3-html-exception-view_en.ftl"): Not found
2020-08-09 10:10:24,205 DEBUG [main] cache:45 - TemplateLoader.findTemplateSource("v3html/exception-view/v3-html-exception-view.ftl"): Found
2020-08-09 10:10:24,207 DEBUG [main] cache:45 - Loading template for "v3html/exception-view/v3-html-exception-view.ftl"("en", UTF-8, parsed) from "jar:file:/C:/Users/hp/.m2/repository/com/aventstack/extentreports/4.0.9/extentreports-4.0.9.jar!/com/aventstack/extentreports/view/v3html/exception-view/v3-html-exception-view.ftl"
2020-08-09 10:10:24,210 DEBUG [main] cache:45 - Couldn't find template in cache for "v3html/author-view/v3-html-author-view.ftl"("en", UTF-8, parsed); will try to load it.
2020-08-09 10:10:24,211 DEBUG [main] cache:45 - TemplateLoader.findTemplateSource("v3html/author-view/v3-html-author-view_en.ftl"): Not found
2020-08-09 10:10:24,211 DEBUG [main] cache:45 - TemplateLoader.findTemplateSource("v3html/author-view/v3-html-author-view.ftl"): Found
2020-08-09 10:10:24,212 DEBUG [main] cache:45 - Loading template for "v3html/author-view/v3-html-author-view.ftl"("en", UTF-8, parsed) from "jar:file:/C:/Users/hp/.m2/repository/com/aventstack/extentreports/4.0.9/extentreports-4.0.9.jar!/com/aventstack/extentreports/view/v3html/author-view/v3-html-author-view.ftl"
2020-08-09 10:10:24,216 DEBUG [main] cache:45 - Couldn't find template in cache for "v3html/dashboard-view/v3-html-dashboard-view.ftl"("en", UTF-8, parsed); will try to load it.
2020-08-09 10:10:24,217 DEBUG [main] cache:45 - TemplateLoader.findTemplateSource("v3html/dashboard-view/v3-html-dashboard-view_en.ftl"): Not found
2020-08-09 10:10:24,218 DEBUG [main] cache:45 - TemplateLoader.findTemplateSource("v3html/dashboard-view/v3-html-dashboard-view.ftl"): Found
2020-08-09 10:10:24,218 DEBUG [main] cache:45 - Loading template for "v3html/dashboard-view/v3-html-dashboard-view.ftl"("en", UTF-8, parsed) from "jar:file:/C:/Users/hp/.m2/repository/com/aventstack/extentreports/4.0.9/extentreports-4.0.9.jar!/com/aventstack/extentreports/view/v3html/dashboard-view/v3-html-dashboard-view.ftl"
2020-08-09 10:10:24,239 DEBUG [main] cache:45 - Couldn't find template in cache for "v3html/logs-view/v3-html-testrunner-logs-view.ftl"("en", UTF-8, parsed); will try to load it.
2020-08-09 10:10:24,240 DEBUG [main] cache:45 - TemplateLoader.findTemplateSource("v3html/logs-view/v3-html-testrunner-logs-view_en.ftl"): Not found
2020-08-09 10:10:24,241 DEBUG [main] cache:45 - TemplateLoader.findTemplateSource("v3html/logs-view/v3-html-testrunner-logs-view.ftl"): Found
2020-08-09 10:10:24,241 DEBUG [main] cache:45 - Loading template for "v3html/logs-view/v3-html-testrunner-logs-view.ftl"("en", UTF-8, parsed) from "jar:file:/C:/Users/hp/.m2/repository/com/aventstack/extentreports/4.0.9/extentreports-4.0.9.jar!/com/aventstack/extentreports/view/v3html/logs-view/v3-html-testrunner-logs-view.ftl"
