2020-08-10 20:22:20,203  INFO [main] HomeTest:30 - Extent report configurtion is completed and setted date for log4j properties file
2020-08-10 20:23:30,452  INFO [main] Class:33 - Entering harishkr755@gmail.com to [[ChromeDriver: chrome on XP (3014cb6609af7ce4ceef028cc10e195f)] -> xpath: //input[@placeholder='E-mail address']]
2020-08-10 20:23:30,754  INFO [main] Class:33 - Entering Harish@123 to [[ChromeDriver: chrome on XP (3014cb6609af7ce4ceef028cc10e195f)] -> xpath: //input[@placeholder='Password']]
2020-08-10 20:23:30,963  INFO [main] Class:28 - Clicked on the [[ChromeDriver: chrome on XP (3014cb6609af7ce4ceef028cc10e195f)] -> xpath: //div[@class='ui fluid large blue submit button']]
2020-08-10 20:23:39,729  INFO [main] HomeTest:35 - Successfully completed Test case, so analysing the result
2020-08-10 20:23:40,138  INFO [main] HomeTest:51 - Closing the browser instance
2020-08-10 20:24:33,108  INFO [main] LoginTest:31 - Browser lounched...! and url is hited
2020-08-10 20:24:35,826  INFO [main] Class:33 - Entering harishkr755@gmail.com to [[ChromeDriver: chrome on XP (09c8302b15c76a11393a6c1b97dee05e)] -> xpath: //input[@placeholder='E-mail address']]
2020-08-10 20:24:35,959  INFO [main] Class:33 - Entering Harish@123 to [[ChromeDriver: chrome on XP (09c8302b15c76a11393a6c1b97dee05e)] -> xpath: //input[@placeholder='Password']]
2020-08-10 20:24:37,763  INFO [main] Class:28 - Clicked on the [[ChromeDriver: chrome on XP (09c8302b15c76a11393a6c1b97dee05e)] -> xpath: //div[@class='ui fluid large blue submit button']]
2020-08-10 20:24:37,765  INFO [main] LoginTest:35 - Successfully completed Test case, so analysing the result
2020-08-10 20:24:37,767  INFO [main] LoginTest:51 - Closing the browser instance
2020-08-10 20:25:25,536  INFO [main] LoginTest:31 - Browser lounched...! and url is hited
2020-08-10 20:25:25,660  INFO [main] LoginTest:35 - Successfully completed Test case, so analysing the result
2020-08-10 20:25:25,660  INFO [main] LoginTest:51 - Closing the browser instance
2020-08-10 20:26:11,510  INFO [main] LoginTest:31 - Browser lounched...! and url is hited
2020-08-10 20:26:12,418  INFO [main] Class:33 - Entering abc to [[ChromeDriver: chrome on XP (b52e36178362de3bf0a1d4c6e693799c)] -> xpath: //input[@placeholder='E-mail address']]
2020-08-10 20:26:12,516  INFO [main] Class:33 - Entering abc to [[ChromeDriver: chrome on XP (b52e36178362de3bf0a1d4c6e693799c)] -> xpath: //input[@placeholder='Password']]
2020-08-10 20:26:12,725  INFO [main] Class:28 - Clicked on the [[ChromeDriver: chrome on XP (b52e36178362de3bf0a1d4c6e693799c)] -> xpath: //div[@class='ui fluid large blue submit button']]
2020-08-10 20:26:14,223  INFO [main] LoginTest:35 - Successfully completed Test case, so analysing the result
2020-08-10 20:26:14,224  INFO [main] LoginTest:51 - Closing the browser instance
2020-08-10 20:27:01,618  INFO [main] LoginTest:31 - Browser lounched...! and url is hited
2020-08-10 20:27:14,982  INFO [main] Class:28 - Clicked on the Proxy element for: DefaultElementLocator 'By.xpath: //a[contains(text(),'Forgot your password?')]'
2020-08-10 20:27:15,108  INFO [main] LoginTest:35 - Successfully completed Test case, so analysing the result
2020-08-10 20:27:15,109  INFO [main] LoginTest:51 - Closing the browser instance
2020-08-10 20:27:58,920  INFO [main] LoginTest:31 - Browser lounched...! and url is hited
2020-08-10 20:28:12,115  INFO [main] Class:28 - Clicked on the Proxy element for: DefaultElementLocator 'By.xpath: //a[contains(text(),'Forgot your password?')]'
2020-08-10 20:28:53,287  INFO [main] Class:28 - Clicked on the Proxy element for: DefaultElementLocator 'By.xpath: //a[contains(text(),'Got an account? Log in here')]'
2020-08-10 20:28:53,398  INFO [main] LoginTest:35 - Successfully completed Test case, so analysing the result
2020-08-10 20:28:53,399  INFO [main] LoginTest:51 - Closing the browser instance
2020-08-10 20:28:54,202  INFO [main] HomeTest:57 - Flushimg the results into Extent report
2020-08-10 20:28:54,406 DEBUG [main] cache:45 - Couldn't find template in cache for "v3html/v3-html-index.ftl"("en", UTF-8, parsed); will try to load it.
2020-08-10 20:28:54,407 DEBUG [main] cache:45 - TemplateLoader.findTemplateSource("v3html/v3-html-index_en.ftl"): Not found
2020-08-10 20:28:54,417 DEBUG [main] cache:45 - TemplateLoader.findTemplateSource("v3html/v3-html-index.ftl"): Found
2020-08-10 20:28:54,417 DEBUG [main] cache:45 - Loading template for "v3html/v3-html-index.ftl"("en", UTF-8, parsed) from "jar:file:/C:/Users/hp/.m2/repository/com/aventstack/extentreports/4.0.9/extentreports-4.0.9.jar!/com/aventstack/extentreports/view/v3html/v3-html-index.ftl"
2020-08-10 20:28:55,010 DEBUG [main] cache:45 - Couldn't find template in cache for "v3html/v3-html-head.ftl"("en", UTF-8, parsed); will try to load it.
2020-08-10 20:28:55,010 DEBUG [main] cache:45 - TemplateLoader.findTemplateSource("v3html/v3-html-head_en.ftl"): Not found
2020-08-10 20:28:55,011 DEBUG [main] cache:45 - TemplateLoader.findTemplateSource("v3html/v3-html-head.ftl"): Found
2020-08-10 20:28:55,011 DEBUG [main] cache:45 - Loading template for "v3html/v3-html-head.ftl"("en", UTF-8, parsed) from "jar:file:/C:/Users/hp/.m2/repository/com/aventstack/extentreports/4.0.9/extentreports-4.0.9.jar!/com/aventstack/extentreports/view/v3html/v3-html-head.ftl"
2020-08-10 20:28:55,014 DEBUG [main] cache:45 - Couldn't find template in cache for "v3html/v3-html-nav.ftl"("en", UTF-8, parsed); will try to load it.
2020-08-10 20:28:55,015 DEBUG [main] cache:45 - TemplateLoader.findTemplateSource("v3html/v3-html-nav_en.ftl"): Not found
2020-08-10 20:28:55,015 DEBUG [main] cache:45 - TemplateLoader.findTemplateSource("v3html/v3-html-nav.ftl"): Found
2020-08-10 20:28:55,015 DEBUG [main] cache:45 - Loading template for "v3html/v3-html-nav.ftl"("en", UTF-8, parsed) from "jar:file:/C:/Users/hp/.m2/repository/com/aventstack/extentreports/4.0.9/extentreports-4.0.9.jar!/com/aventstack/extentreports/view/v3html/v3-html-nav.ftl"
2020-08-10 20:28:55,039 DEBUG [main] cache:45 - Couldn't find template in cache for "v3html/test-view/v3-html-test-view.ftl"("en", UTF-8, parsed); will try to load it.
2020-08-10 20:28:55,039 DEBUG [main] cache:45 - TemplateLoader.findTemplateSource("v3html/test-view/v3-html-test-view_en.ftl"): Not found
2020-08-10 20:28:55,040 DEBUG [main] cache:45 - TemplateLoader.findTemplateSource("v3html/test-view/v3-html-test-view.ftl"): Found
2020-08-10 20:28:55,040 DEBUG [main] cache:45 - Loading template for "v3html/test-view/v3-html-test-view.ftl"("en", UTF-8, parsed) from "jar:file:/C:/Users/hp/.m2/repository/com/aventstack/extentreports/4.0.9/extentreports-4.0.9.jar!/com/aventstack/extentreports/view/v3html/test-view/v3-html-test-view.ftl"
2020-08-10 20:28:55,085 DEBUG [main] cache:45 - Couldn't find template in cache for "v3html/test-view/v3-html-test-view-charts.ftl"("en", UTF-8, parsed); will try to load it.
2020-08-10 20:28:55,085 DEBUG [main] cache:45 - TemplateLoader.findTemplateSource("v3html/test-view/v3-html-test-view-charts_en.ftl"): Not found
2020-08-10 20:28:55,086 DEBUG [main] cache:45 - TemplateLoader.findTemplateSource("v3html/test-view/v3-html-test-view-charts.ftl"): Found
2020-08-10 20:28:55,086 DEBUG [main] cache:45 - Loading template for "v3html/test-view/v3-html-test-view-charts.ftl"("en", UTF-8, parsed) from "jar:file:/C:/Users/hp/.m2/repository/com/aventstack/extentreports/4.0.9/extentreports-4.0.9.jar!/com/aventstack/extentreports/view/v3html/test-view/v3-html-test-view-charts.ftl"
2020-08-10 20:28:55,155 DEBUG [main] cache:45 - Couldn't find template in cache for "v3html/test-view/v3-html-standard.ftl"("en", UTF-8, parsed); will try to load it.
2020-08-10 20:28:55,157 DEBUG [main] cache:45 - TemplateLoader.findTemplateSource("v3html/test-view/v3-html-standard_en.ftl"): Not found
2020-08-10 20:28:55,158 DEBUG [main] cache:45 - TemplateLoader.findTemplateSource("v3html/test-view/v3-html-standard.ftl"): Found
2020-08-10 20:28:55,159 DEBUG [main] cache:45 - Loading template for "v3html/test-view/v3-html-standard.ftl"("en", UTF-8, parsed) from "jar:file:/C:/Users/hp/.m2/repository/com/aventstack/extentreports/4.0.9/extentreports-4.0.9.jar!/com/aventstack/extentreports/view/v3html/test-view/v3-html-standard.ftl"
2020-08-10 20:28:55,194 DEBUG [main] cache:45 - "v3html/test-view/v3-html-standard.ftl"("en", UTF-8, parsed) cached copy not yet stale; using cached.
2020-08-10 20:28:55,197 DEBUG [main] cache:45 - "v3html/test-view/v3-html-standard.ftl"("en", UTF-8, parsed) cached copy not yet stale; using cached.
2020-08-10 20:28:55,200 DEBUG [main] cache:45 - "v3html/test-view/v3-html-standard.ftl"("en", UTF-8, parsed) cached copy not yet stale; using cached.
2020-08-10 20:28:55,202 DEBUG [main] cache:45 - "v3html/test-view/v3-html-standard.ftl"("en", UTF-8, parsed) cached copy not yet stale; using cached.
2020-08-10 20:28:55,204 DEBUG [main] cache:45 - "v3html/test-view/v3-html-standard.ftl"("en", UTF-8, parsed) cached copy not yet stale; using cached.
2020-08-10 20:28:55,206 DEBUG [main] cache:45 - Couldn't find template in cache for "v3html/category-view/v3-html-category-view.ftl"("en", UTF-8, parsed); will try to load it.
2020-08-10 20:28:55,206 DEBUG [main] cache:45 - TemplateLoader.findTemplateSource("v3html/category-view/v3-html-category-view_en.ftl"): Not found
2020-08-10 20:28:55,207 DEBUG [main] cache:45 - TemplateLoader.findTemplateSource("v3html/category-view/v3-html-category-view.ftl"): Found
2020-08-10 20:28:55,207 DEBUG [main] cache:45 - Loading template for "v3html/category-view/v3-html-category-view.ftl"("en", UTF-8, parsed) from "jar:file:/C:/Users/hp/.m2/repository/com/aventstack/extentreports/4.0.9/extentreports-4.0.9.jar!/com/aventstack/extentreports/view/v3html/category-view/v3-html-category-view.ftl"
2020-08-10 20:28:55,211 DEBUG [main] cache:45 - Couldn't find template in cache for "v3html/exception-view/v3-html-exception-view.ftl"("en", UTF-8, parsed); will try to load it.
2020-08-10 20:28:55,211 DEBUG [main] cache:45 - TemplateLoader.findTemplateSource("v3html/exception-view/v3-html-exception-view_en.ftl"): Not found
2020-08-10 20:28:55,211 DEBUG [main] cache:45 - TemplateLoader.findTemplateSource("v3html/exception-view/v3-html-exception-view.ftl"): Found
2020-08-10 20:28:55,212 DEBUG [main] cache:45 - Loading template for "v3html/exception-view/v3-html-exception-view.ftl"("en", UTF-8, parsed) from "jar:file:/C:/Users/hp/.m2/repository/com/aventstack/extentreports/4.0.9/extentreports-4.0.9.jar!/com/aventstack/extentreports/view/v3html/exception-view/v3-html-exception-view.ftl"
2020-08-10 20:28:55,214 DEBUG [main] cache:45 - Couldn't find template in cache for "v3html/author-view/v3-html-author-view.ftl"("en", UTF-8, parsed); will try to load it.
2020-08-10 20:28:55,215 DEBUG [main] cache:45 - TemplateLoader.findTemplateSource("v3html/author-view/v3-html-author-view_en.ftl"): Not found
2020-08-10 20:28:55,215 DEBUG [main] cache:45 - TemplateLoader.findTemplateSource("v3html/author-view/v3-html-author-view.ftl"): Found
2020-08-10 20:28:55,215 DEBUG [main] cache:45 - Loading template for "v3html/author-view/v3-html-author-view.ftl"("en", UTF-8, parsed) from "jar:file:/C:/Users/hp/.m2/repository/com/aventstack/extentreports/4.0.9/extentreports-4.0.9.jar!/com/aventstack/extentreports/view/v3html/author-view/v3-html-author-view.ftl"
2020-08-10 20:28:55,218 DEBUG [main] cache:45 - Couldn't find template in cache for "v3html/dashboard-view/v3-html-dashboard-view.ftl"("en", UTF-8, parsed); will try to load it.
2020-08-10 20:28:55,219 DEBUG [main] cache:45 - TemplateLoader.findTemplateSource("v3html/dashboard-view/v3-html-dashboard-view_en.ftl"): Not found
2020-08-10 20:28:55,219 DEBUG [main] cache:45 - TemplateLoader.findTemplateSource("v3html/dashboard-view/v3-html-dashboard-view.ftl"): Found
2020-08-10 20:28:55,219 DEBUG [main] cache:45 - Loading template for "v3html/dashboard-view/v3-html-dashboard-view.ftl"("en", UTF-8, parsed) from "jar:file:/C:/Users/hp/.m2/repository/com/aventstack/extentreports/4.0.9/extentreports-4.0.9.jar!/com/aventstack/extentreports/view/v3html/dashboard-view/v3-html-dashboard-view.ftl"
2020-08-10 20:28:55,225 DEBUG [main] cache:45 - Couldn't find template in cache for "v3html/logs-view/v3-html-testrunner-logs-view.ftl"("en", UTF-8, parsed); will try to load it.
2020-08-10 20:28:55,226 DEBUG [main] cache:45 - TemplateLoader.findTemplateSource("v3html/logs-view/v3-html-testrunner-logs-view_en.ftl"): Not found
2020-08-10 20:28:55,226 DEBUG [main] cache:45 - TemplateLoader.findTemplateSource("v3html/logs-view/v3-html-testrunner-logs-view.ftl"): Found
2020-08-10 20:28:55,226 DEBUG [main] cache:45 - Loading template for "v3html/logs-view/v3-html-testrunner-logs-view.ftl"("en", UTF-8, parsed) from "jar:file:/C:/Users/hp/.m2/repository/com/aventstack/extentreports/4.0.9/extentreports-4.0.9.jar!/com/aventstack/extentreports/view/v3html/logs-view/v3-html-testrunner-logs-view.ftl"
