2020-08-09 14:45:22,561  INFO [main] HomeTest:30 - Extent report configurtion is completed and setted date for log4j properties file
2020-08-09 14:46:12,339  INFO [main] Class:33 - Entering harishkr755@gmail.com to [[ChromeDriver: chrome on XP (49a4d6873f9e20ee9da9fe063be7ecd7)] -> xpath: //input[@placeholder='E-mail address']]
2020-08-09 14:46:12,514  INFO [main] Class:33 - Entering Harish@123 to [[ChromeDriver: chrome on XP (49a4d6873f9e20ee9da9fe063be7ecd7)] -> xpath: //input[@placeholder='Password']]
2020-08-09 14:46:12,819  INFO [main] Class:28 - Clicked on the [[ChromeDriver: chrome on XP (49a4d6873f9e20ee9da9fe063be7ecd7)] -> xpath: //div[@class='ui fluid large blue submit button']]
2020-08-09 14:46:17,107  INFO [main] HomeTest:35 - Successfully completed Test case, so analysing the result
2020-08-09 14:46:17,216  INFO [main] HomeTest:51 - Closing the browser instance
2020-08-09 14:47:00,308  INFO [main] LoginTest:31 - Browser lounched...! and url is hited
2020-08-09 14:47:00,609  INFO [main] Class:33 - Entering harishkr755@gmail.com to [[ChromeDriver: chrome on XP (2c2839d9c95dcd7954e783af8c2ab419)] -> xpath: //input[@placeholder='E-mail address']]
2020-08-09 14:47:00,764  INFO [main] Class:33 - Entering Harish@123 to [[ChromeDriver: chrome on XP (2c2839d9c95dcd7954e783af8c2ab419)] -> xpath: //input[@placeholder='Password']]
2020-08-09 14:47:00,988  INFO [main] Class:28 - Clicked on the [[ChromeDriver: chrome on XP (2c2839d9c95dcd7954e783af8c2ab419)] -> xpath: //div[@class='ui fluid large blue submit button']]
2020-08-09 14:47:00,993  INFO [main] LoginTest:35 - Successfully completed Test case, so analysing the result
2020-08-09 14:47:00,994  INFO [main] LoginTest:51 - Closing the browser instance
2020-08-09 14:47:19,055  INFO [main] LoginTest:31 - Browser lounched...! and url is hited
2020-08-09 14:47:19,398  INFO [main] LoginTest:35 - Successfully completed Test case, so analysing the result
2020-08-09 14:47:19,410  INFO [main] LoginTest:51 - Closing the browser instance
2020-08-09 14:47:59,163  INFO [main] LoginTest:31 - Browser lounched...! and url is hited
2020-08-09 14:47:59,584  INFO [main] Class:33 - Entering abc to [[ChromeDriver: chrome on XP (5ecbde8fb81f394cc8ed8e18fa110d20)] -> xpath: //input[@placeholder='E-mail address']]
2020-08-09 14:47:59,685  INFO [main] Class:33 - Entering abc to [[ChromeDriver: chrome on XP (5ecbde8fb81f394cc8ed8e18fa110d20)] -> xpath: //input[@placeholder='Password']]
2020-08-09 14:47:59,796  INFO [main] Class:28 - Clicked on the [[ChromeDriver: chrome on XP (5ecbde8fb81f394cc8ed8e18fa110d20)] -> xpath: //div[@class='ui fluid large blue submit button']]
2020-08-09 14:48:00,850  INFO [main] LoginTest:35 - Successfully completed Test case, so analysing the result
2020-08-09 14:48:00,851  INFO [main] LoginTest:51 - Closing the browser instance
2020-08-09 14:48:39,801  INFO [main] LoginTest:31 - Browser lounched...! and url is hited
2020-08-09 14:48:53,376  INFO [main] Class:28 - Clicked on the Proxy element for: DefaultElementLocator 'By.xpath: //a[contains(text(),'Forgot your password?')]'
2020-08-09 14:48:58,610  INFO [main] LoginTest:35 - Successfully completed Test case, so analysing the result
2020-08-09 14:48:58,612  INFO [main] LoginTest:51 - Closing the browser instance
2020-08-09 14:49:37,411  INFO [main] LoginTest:31 - Browser lounched...! and url is hited
2020-08-09 14:49:51,033  INFO [main] Class:28 - Clicked on the Proxy element for: DefaultElementLocator 'By.xpath: //a[contains(text(),'Forgot your password?')]'
2020-08-09 14:50:09,246  INFO [main] Class:28 - Clicked on the Proxy element for: DefaultElementLocator 'By.xpath: //a[contains(text(),'Got an account? Log in here')]'
2020-08-09 14:50:14,778  INFO [main] LoginTest:35 - Successfully completed Test case, so analysing the result
2020-08-09 14:50:14,781  INFO [main] LoginTest:51 - Closing the browser instance
2020-08-09 14:50:15,531  INFO [main] HomeTest:57 - Flushimg the results into Extent report
2020-08-09 14:50:15,682 DEBUG [main] cache:45 - Couldn't find template in cache for "v3html/v3-html-index.ftl"("en", UTF-8, parsed); will try to load it.
2020-08-09 14:50:15,706 DEBUG [main] cache:45 - TemplateLoader.findTemplateSource("v3html/v3-html-index_en.ftl"): Not found
2020-08-09 14:50:15,730 DEBUG [main] cache:45 - TemplateLoader.findTemplateSource("v3html/v3-html-index.ftl"): Found
2020-08-09 14:50:15,733 DEBUG [main] cache:45 - Loading template for "v3html/v3-html-index.ftl"("en", UTF-8, parsed) from "jar:file:/C:/Users/hp/.m2/repository/com/aventstack/extentreports/4.0.9/extentreports-4.0.9.jar!/com/aventstack/extentreports/view/v3html/v3-html-index.ftl"
2020-08-09 14:50:16,514 DEBUG [main] cache:45 - Couldn't find template in cache for "v3html/v3-html-head.ftl"("en", UTF-8, parsed); will try to load it.
2020-08-09 14:50:16,515 DEBUG [main] cache:45 - TemplateLoader.findTemplateSource("v3html/v3-html-head_en.ftl"): Not found
2020-08-09 14:50:16,516 DEBUG [main] cache:45 - TemplateLoader.findTemplateSource("v3html/v3-html-head.ftl"): Found
2020-08-09 14:50:16,516 DEBUG [main] cache:45 - Loading template for "v3html/v3-html-head.ftl"("en", UTF-8, parsed) from "jar:file:/C:/Users/hp/.m2/repository/com/aventstack/extentreports/4.0.9/extentreports-4.0.9.jar!/com/aventstack/extentreports/view/v3html/v3-html-head.ftl"
2020-08-09 14:50:16,527 DEBUG [main] cache:45 - Couldn't find template in cache for "v3html/v3-html-nav.ftl"("en", UTF-8, parsed); will try to load it.
2020-08-09 14:50:16,528 DEBUG [main] cache:45 - TemplateLoader.findTemplateSource("v3html/v3-html-nav_en.ftl"): Not found
2020-08-09 14:50:16,529 DEBUG [main] cache:45 - TemplateLoader.findTemplateSource("v3html/v3-html-nav.ftl"): Found
2020-08-09 14:50:16,529 DEBUG [main] cache:45 - Loading template for "v3html/v3-html-nav.ftl"("en", UTF-8, parsed) from "jar:file:/C:/Users/hp/.m2/repository/com/aventstack/extentreports/4.0.9/extentreports-4.0.9.jar!/com/aventstack/extentreports/view/v3html/v3-html-nav.ftl"
2020-08-09 14:50:16,549 DEBUG [main] cache:45 - Couldn't find template in cache for "v3html/test-view/v3-html-test-view.ftl"("en", UTF-8, parsed); will try to load it.
2020-08-09 14:50:16,550 DEBUG [main] cache:45 - TemplateLoader.findTemplateSource("v3html/test-view/v3-html-test-view_en.ftl"): Not found
2020-08-09 14:50:16,550 DEBUG [main] cache:45 - TemplateLoader.findTemplateSource("v3html/test-view/v3-html-test-view.ftl"): Found
2020-08-09 14:50:16,551 DEBUG [main] cache:45 - Loading template for "v3html/test-view/v3-html-test-view.ftl"("en", UTF-8, parsed) from "jar:file:/C:/Users/hp/.m2/repository/com/aventstack/extentreports/4.0.9/extentreports-4.0.9.jar!/com/aventstack/extentreports/view/v3html/test-view/v3-html-test-view.ftl"
2020-08-09 14:50:16,595 DEBUG [main] cache:45 - Couldn't find template in cache for "v3html/test-view/v3-html-test-view-charts.ftl"("en", UTF-8, parsed); will try to load it.
2020-08-09 14:50:16,596 DEBUG [main] cache:45 - TemplateLoader.findTemplateSource("v3html/test-view/v3-html-test-view-charts_en.ftl"): Not found
2020-08-09 14:50:16,597 DEBUG [main] cache:45 - TemplateLoader.findTemplateSource("v3html/test-view/v3-html-test-view-charts.ftl"): Found
2020-08-09 14:50:16,597 DEBUG [main] cache:45 - Loading template for "v3html/test-view/v3-html-test-view-charts.ftl"("en", UTF-8, parsed) from "jar:file:/C:/Users/hp/.m2/repository/com/aventstack/extentreports/4.0.9/extentreports-4.0.9.jar!/com/aventstack/extentreports/view/v3html/test-view/v3-html-test-view-charts.ftl"
2020-08-09 14:50:16,652 DEBUG [main] cache:45 - Couldn't find template in cache for "v3html/test-view/v3-html-standard.ftl"("en", UTF-8, parsed); will try to load it.
2020-08-09 14:50:16,652 DEBUG [main] cache:45 - TemplateLoader.findTemplateSource("v3html/test-view/v3-html-standard_en.ftl"): Not found
2020-08-09 14:50:16,653 DEBUG [main] cache:45 - TemplateLoader.findTemplateSource("v3html/test-view/v3-html-standard.ftl"): Found
2020-08-09 14:50:16,653 DEBUG [main] cache:45 - Loading template for "v3html/test-view/v3-html-standard.ftl"("en", UTF-8, parsed) from "jar:file:/C:/Users/hp/.m2/repository/com/aventstack/extentreports/4.0.9/extentreports-4.0.9.jar!/com/aventstack/extentreports/view/v3html/test-view/v3-html-standard.ftl"
2020-08-09 14:50:16,682 DEBUG [main] cache:45 - "v3html/test-view/v3-html-standard.ftl"("en", UTF-8, parsed) cached copy not yet stale; using cached.
2020-08-09 14:50:16,686 DEBUG [main] cache:45 - "v3html/test-view/v3-html-standard.ftl"("en", UTF-8, parsed) cached copy not yet stale; using cached.
2020-08-09 14:50:16,690 DEBUG [main] cache:45 - "v3html/test-view/v3-html-standard.ftl"("en", UTF-8, parsed) cached copy not yet stale; using cached.
2020-08-09 14:50:16,692 DEBUG [main] cache:45 - "v3html/test-view/v3-html-standard.ftl"("en", UTF-8, parsed) cached copy not yet stale; using cached.
2020-08-09 14:50:16,695 DEBUG [main] cache:45 - "v3html/test-view/v3-html-standard.ftl"("en", UTF-8, parsed) cached copy not yet stale; using cached.
2020-08-09 14:50:16,697 DEBUG [main] cache:45 - Couldn't find template in cache for "v3html/category-view/v3-html-category-view.ftl"("en", UTF-8, parsed); will try to load it.
2020-08-09 14:50:16,698 DEBUG [main] cache:45 - TemplateLoader.findTemplateSource("v3html/category-view/v3-html-category-view_en.ftl"): Not found
2020-08-09 14:50:16,698 DEBUG [main] cache:45 - TemplateLoader.findTemplateSource("v3html/category-view/v3-html-category-view.ftl"): Found
2020-08-09 14:50:16,699 DEBUG [main] cache:45 - Loading template for "v3html/category-view/v3-html-category-view.ftl"("en", UTF-8, parsed) from "jar:file:/C:/Users/hp/.m2/repository/com/aventstack/extentreports/4.0.9/extentreports-4.0.9.jar!/com/aventstack/extentreports/view/v3html/category-view/v3-html-category-view.ftl"
2020-08-09 14:50:16,704 DEBUG [main] cache:45 - Couldn't find template in cache for "v3html/exception-view/v3-html-exception-view.ftl"("en", UTF-8, parsed); will try to load it.
2020-08-09 14:50:16,705 DEBUG [main] cache:45 - TemplateLoader.findTemplateSource("v3html/exception-view/v3-html-exception-view_en.ftl"): Not found
2020-08-09 14:50:16,705 DEBUG [main] cache:45 - TemplateLoader.findTemplateSource("v3html/exception-view/v3-html-exception-view.ftl"): Found
2020-08-09 14:50:16,706 DEBUG [main] cache:45 - Loading template for "v3html/exception-view/v3-html-exception-view.ftl"("en", UTF-8, parsed) from "jar:file:/C:/Users/hp/.m2/repository/com/aventstack/extentreports/4.0.9/extentreports-4.0.9.jar!/com/aventstack/extentreports/view/v3html/exception-view/v3-html-exception-view.ftl"
2020-08-09 14:50:16,710 DEBUG [main] cache:45 - Couldn't find template in cache for "v3html/author-view/v3-html-author-view.ftl"("en", UTF-8, parsed); will try to load it.
2020-08-09 14:50:16,711 DEBUG [main] cache:45 - TemplateLoader.findTemplateSource("v3html/author-view/v3-html-author-view_en.ftl"): Not found
2020-08-09 14:50:16,711 DEBUG [main] cache:45 - TemplateLoader.findTemplateSource("v3html/author-view/v3-html-author-view.ftl"): Found
2020-08-09 14:50:16,712 DEBUG [main] cache:45 - Loading template for "v3html/author-view/v3-html-author-view.ftl"("en", UTF-8, parsed) from "jar:file:/C:/Users/hp/.m2/repository/com/aventstack/extentreports/4.0.9/extentreports-4.0.9.jar!/com/aventstack/extentreports/view/v3html/author-view/v3-html-author-view.ftl"
2020-08-09 14:50:16,728 DEBUG [main] cache:45 - Couldn't find template in cache for "v3html/dashboard-view/v3-html-dashboard-view.ftl"("en", UTF-8, parsed); will try to load it.
2020-08-09 14:50:16,729 DEBUG [main] cache:45 - TemplateLoader.findTemplateSource("v3html/dashboard-view/v3-html-dashboard-view_en.ftl"): Not found
2020-08-09 14:50:16,730 DEBUG [main] cache:45 - TemplateLoader.findTemplateSource("v3html/dashboard-view/v3-html-dashboard-view.ftl"): Found
2020-08-09 14:50:16,730 DEBUG [main] cache:45 - Loading template for "v3html/dashboard-view/v3-html-dashboard-view.ftl"("en", UTF-8, parsed) from "jar:file:/C:/Users/hp/.m2/repository/com/aventstack/extentreports/4.0.9/extentreports-4.0.9.jar!/com/aventstack/extentreports/view/v3html/dashboard-view/v3-html-dashboard-view.ftl"
2020-08-09 14:50:16,741 DEBUG [main] cache:45 - Couldn't find template in cache for "v3html/logs-view/v3-html-testrunner-logs-view.ftl"("en", UTF-8, parsed); will try to load it.
2020-08-09 14:50:16,742 DEBUG [main] cache:45 - TemplateLoader.findTemplateSource("v3html/logs-view/v3-html-testrunner-logs-view_en.ftl"): Not found
2020-08-09 14:50:16,743 DEBUG [main] cache:45 - TemplateLoader.findTemplateSource("v3html/logs-view/v3-html-testrunner-logs-view.ftl"): Found
2020-08-09 14:50:16,743 DEBUG [main] cache:45 - Loading template for "v3html/logs-view/v3-html-testrunner-logs-view.ftl"("en", UTF-8, parsed) from "jar:file:/C:/Users/hp/.m2/repository/com/aventstack/extentreports/4.0.9/extentreports-4.0.9.jar!/com/aventstack/extentreports/view/v3html/logs-view/v3-html-testrunner-logs-view.ftl"
