2020-08-14 17:00:03,080  INFO [main] HomeTest:30 - Extent report configurtion is completed and setted date for log4j properties file
2020-08-14 17:01:16,410  INFO [main] Class:33 - Entering harishkr755@gmail.com to [[ChromeDriver: chrome on XP (3d88affda22e004a71caec8c3b702214)] -> xpath: //input[@placeholder='E-mail address']]
2020-08-14 17:01:16,571  INFO [main] Class:33 - Entering Harish@123 to [[ChromeDriver: chrome on XP (3d88affda22e004a71caec8c3b702214)] -> xpath: //input[@placeholder='Password']]
2020-08-14 17:01:16,688  INFO [main] Class:28 - Clicked on the [[ChromeDriver: chrome on XP (3d88affda22e004a71caec8c3b702214)] -> xpath: //div[@class='ui fluid large blue submit button']]
2020-08-14 17:01:20,341  INFO [main] HomeTest:35 - Successfully completed Test case, so analysing the result
2020-08-14 17:01:20,377  INFO [main] HomeTest:51 - Closing the browser instance
2020-08-14 17:02:07,058  INFO [main] LoginTest:31 - Browser lounched...! and url is hited
2020-08-14 17:02:07,503  INFO [main] Class:33 - Entering harishkr755@gmail.com to [[ChromeDriver: chrome on XP (5c39aecd00e81a73941911eb3edbd87b)] -> xpath: //input[@placeholder='E-mail address']]
2020-08-14 17:02:07,709  INFO [main] Class:33 - Entering Harish@123 to [[ChromeDriver: chrome on XP (5c39aecd00e81a73941911eb3edbd87b)] -> xpath: //input[@placeholder='Password']]
2020-08-14 17:02:07,930  INFO [main] Class:28 - Clicked on the [[ChromeDriver: chrome on XP (5c39aecd00e81a73941911eb3edbd87b)] -> xpath: //div[@class='ui fluid large blue submit button']]
2020-08-14 17:02:07,933  INFO [main] LoginTest:35 - Successfully completed Test case, so analysing the result
2020-08-14 17:02:07,934  INFO [main] LoginTest:51 - Closing the browser instance
2020-08-14 17:02:26,083  INFO [main] LoginTest:31 - Browser lounched...! and url is hited
2020-08-14 17:02:26,506  INFO [main] LoginTest:35 - Successfully completed Test case, so analysing the result
2020-08-14 17:02:26,507  INFO [main] LoginTest:51 - Closing the browser instance
2020-08-14 17:03:00,435  INFO [main] LoginTest:31 - Browser lounched...! and url is hited
2020-08-14 17:03:02,545  INFO [main] Class:33 - Entering abc to [[ChromeDriver: chrome on XP (9253f1b7afa2045857bf165636cfa294)] -> xpath: //input[@placeholder='E-mail address']]
2020-08-14 17:03:02,645  INFO [main] Class:33 - Entering abc to [[ChromeDriver: chrome on XP (9253f1b7afa2045857bf165636cfa294)] -> xpath: //input[@placeholder='Password']]
2020-08-14 17:03:02,979  INFO [main] Class:28 - Clicked on the [[ChromeDriver: chrome on XP (9253f1b7afa2045857bf165636cfa294)] -> xpath: //div[@class='ui fluid large blue submit button']]
2020-08-14 17:03:04,057  INFO [main] LoginTest:35 - Successfully completed Test case, so analysing the result
2020-08-14 17:03:04,058  INFO [main] LoginTest:51 - Closing the browser instance
2020-08-14 17:03:43,655  INFO [main] LoginTest:31 - Browser lounched...! and url is hited
2020-08-14 17:03:57,440  INFO [main] Class:28 - Clicked on the Proxy element for: DefaultElementLocator 'By.xpath: //a[contains(text(),'Forgot your password?')]'
2020-08-14 17:03:57,533  INFO [main] LoginTest:35 - Successfully completed Test case, so analysing the result
2020-08-14 17:03:57,534  INFO [main] LoginTest:51 - Closing the browser instance
2020-08-14 17:04:33,707  INFO [main] LoginTest:31 - Browser lounched...! and url is hited
2020-08-14 17:04:46,256  INFO [main] Class:28 - Clicked on the Proxy element for: DefaultElementLocator 'By.xpath: //a[contains(text(),'Forgot your password?')]'
2020-08-14 17:05:04,692  INFO [main] Class:28 - Clicked on the Proxy element for: DefaultElementLocator 'By.xpath: //a[contains(text(),'Got an account? Log in here')]'
2020-08-14 17:05:04,926  INFO [main] LoginTest:35 - Successfully completed Test case, so analysing the result
2020-08-14 17:05:04,926  INFO [main] LoginTest:51 - Closing the browser instance
2020-08-14 17:05:05,910  INFO [main] HomeTest:57 - Flushimg the results into Extent report
2020-08-14 17:05:05,986 DEBUG [main] cache:45 - Couldn't find template in cache for "v3html/v3-html-index.ftl"("en", UTF-8, parsed); will try to load it.
2020-08-14 17:05:05,986 DEBUG [main] cache:45 - TemplateLoader.findTemplateSource("v3html/v3-html-index_en.ftl"): Not found
2020-08-14 17:05:05,986 DEBUG [main] cache:45 - TemplateLoader.findTemplateSource("v3html/v3-html-index.ftl"): Found
2020-08-14 17:05:05,986 DEBUG [main] cache:45 - Loading template for "v3html/v3-html-index.ftl"("en", UTF-8, parsed) from "jar:file:/C:/Users/hp/.m2/repository/com/aventstack/extentreports/4.0.9/extentreports-4.0.9.jar!/com/aventstack/extentreports/view/v3html/v3-html-index.ftl"
2020-08-14 17:05:07,095 DEBUG [main] cache:45 - Couldn't find template in cache for "v3html/v3-html-head.ftl"("en", UTF-8, parsed); will try to load it.
2020-08-14 17:05:07,095 DEBUG [main] cache:45 - TemplateLoader.findTemplateSource("v3html/v3-html-head_en.ftl"): Not found
2020-08-14 17:05:07,095 DEBUG [main] cache:45 - TemplateLoader.findTemplateSource("v3html/v3-html-head.ftl"): Found
2020-08-14 17:05:07,095 DEBUG [main] cache:45 - Loading template for "v3html/v3-html-head.ftl"("en", UTF-8, parsed) from "jar:file:/C:/Users/hp/.m2/repository/com/aventstack/extentreports/4.0.9/extentreports-4.0.9.jar!/com/aventstack/extentreports/view/v3html/v3-html-head.ftl"
2020-08-14 17:05:07,111 DEBUG [main] cache:45 - Couldn't find template in cache for "v3html/v3-html-nav.ftl"("en", UTF-8, parsed); will try to load it.
2020-08-14 17:05:07,111 DEBUG [main] cache:45 - TemplateLoader.findTemplateSource("v3html/v3-html-nav_en.ftl"): Not found
2020-08-14 17:05:07,111 DEBUG [main] cache:45 - TemplateLoader.findTemplateSource("v3html/v3-html-nav.ftl"): Found
2020-08-14 17:05:07,111 DEBUG [main] cache:45 - Loading template for "v3html/v3-html-nav.ftl"("en", UTF-8, parsed) from "jar:file:/C:/Users/hp/.m2/repository/com/aventstack/extentreports/4.0.9/extentreports-4.0.9.jar!/com/aventstack/extentreports/view/v3html/v3-html-nav.ftl"
2020-08-14 17:05:07,142 DEBUG [main] cache:45 - Couldn't find template in cache for "v3html/test-view/v3-html-test-view.ftl"("en", UTF-8, parsed); will try to load it.
2020-08-14 17:05:07,142 DEBUG [main] cache:45 - TemplateLoader.findTemplateSource("v3html/test-view/v3-html-test-view_en.ftl"): Not found
2020-08-14 17:05:07,142 DEBUG [main] cache:45 - TemplateLoader.findTemplateSource("v3html/test-view/v3-html-test-view.ftl"): Found
2020-08-14 17:05:07,142 DEBUG [main] cache:45 - Loading template for "v3html/test-view/v3-html-test-view.ftl"("en", UTF-8, parsed) from "jar:file:/C:/Users/hp/.m2/repository/com/aventstack/extentreports/4.0.9/extentreports-4.0.9.jar!/com/aventstack/extentreports/view/v3html/test-view/v3-html-test-view.ftl"
2020-08-14 17:05:07,204 DEBUG [main] cache:45 - Couldn't find template in cache for "v3html/test-view/v3-html-test-view-charts.ftl"("en", UTF-8, parsed); will try to load it.
2020-08-14 17:05:07,204 DEBUG [main] cache:45 - TemplateLoader.findTemplateSource("v3html/test-view/v3-html-test-view-charts_en.ftl"): Not found
2020-08-14 17:05:07,204 DEBUG [main] cache:45 - TemplateLoader.findTemplateSource("v3html/test-view/v3-html-test-view-charts.ftl"): Found
2020-08-14 17:05:07,204 DEBUG [main] cache:45 - Loading template for "v3html/test-view/v3-html-test-view-charts.ftl"("en", UTF-8, parsed) from "jar:file:/C:/Users/hp/.m2/repository/com/aventstack/extentreports/4.0.9/extentreports-4.0.9.jar!/com/aventstack/extentreports/view/v3html/test-view/v3-html-test-view-charts.ftl"
2020-08-14 17:05:07,267 DEBUG [main] cache:45 - Couldn't find template in cache for "v3html/test-view/v3-html-standard.ftl"("en", UTF-8, parsed); will try to load it.
2020-08-14 17:05:07,267 DEBUG [main] cache:45 - TemplateLoader.findTemplateSource("v3html/test-view/v3-html-standard_en.ftl"): Not found
2020-08-14 17:05:07,267 DEBUG [main] cache:45 - TemplateLoader.findTemplateSource("v3html/test-view/v3-html-standard.ftl"): Found
2020-08-14 17:05:07,267 DEBUG [main] cache:45 - Loading template for "v3html/test-view/v3-html-standard.ftl"("en", UTF-8, parsed) from "jar:file:/C:/Users/hp/.m2/repository/com/aventstack/extentreports/4.0.9/extentreports-4.0.9.jar!/com/aventstack/extentreports/view/v3html/test-view/v3-html-standard.ftl"
2020-08-14 17:05:07,345 DEBUG [main] cache:45 - "v3html/test-view/v3-html-standard.ftl"("en", UTF-8, parsed) cached copy not yet stale; using cached.
2020-08-14 17:05:07,361 DEBUG [main] cache:45 - "v3html/test-view/v3-html-standard.ftl"("en", UTF-8, parsed) cached copy not yet stale; using cached.
2020-08-14 17:05:07,361 DEBUG [main] cache:45 - "v3html/test-view/v3-html-standard.ftl"("en", UTF-8, parsed) cached copy not yet stale; using cached.
2020-08-14 17:05:07,376 DEBUG [main] cache:45 - "v3html/test-view/v3-html-standard.ftl"("en", UTF-8, parsed) cached copy not yet stale; using cached.
2020-08-14 17:05:07,376 DEBUG [main] cache:45 - "v3html/test-view/v3-html-standard.ftl"("en", UTF-8, parsed) cached copy not yet stale; using cached.
2020-08-14 17:05:07,392 DEBUG [main] cache:45 - Couldn't find template in cache for "v3html/category-view/v3-html-category-view.ftl"("en", UTF-8, parsed); will try to load it.
2020-08-14 17:05:07,392 DEBUG [main] cache:45 - TemplateLoader.findTemplateSource("v3html/category-view/v3-html-category-view_en.ftl"): Not found
2020-08-14 17:05:07,392 DEBUG [main] cache:45 - TemplateLoader.findTemplateSource("v3html/category-view/v3-html-category-view.ftl"): Found
2020-08-14 17:05:07,392 DEBUG [main] cache:45 - Loading template for "v3html/category-view/v3-html-category-view.ftl"("en", UTF-8, parsed) from "jar:file:/C:/Users/hp/.m2/repository/com/aventstack/extentreports/4.0.9/extentreports-4.0.9.jar!/com/aventstack/extentreports/view/v3html/category-view/v3-html-category-view.ftl"
2020-08-14 17:05:07,408 DEBUG [main] cache:45 - Couldn't find template in cache for "v3html/exception-view/v3-html-exception-view.ftl"("en", UTF-8, parsed); will try to load it.
2020-08-14 17:05:07,408 DEBUG [main] cache:45 - TemplateLoader.findTemplateSource("v3html/exception-view/v3-html-exception-view_en.ftl"): Not found
2020-08-14 17:05:07,408 DEBUG [main] cache:45 - TemplateLoader.findTemplateSource("v3html/exception-view/v3-html-exception-view.ftl"): Found
2020-08-14 17:05:07,408 DEBUG [main] cache:45 - Loading template for "v3html/exception-view/v3-html-exception-view.ftl"("en", UTF-8, parsed) from "jar:file:/C:/Users/hp/.m2/repository/com/aventstack/extentreports/4.0.9/extentreports-4.0.9.jar!/com/aventstack/extentreports/view/v3html/exception-view/v3-html-exception-view.ftl"
2020-08-14 17:05:07,423 DEBUG [main] cache:45 - Couldn't find template in cache for "v3html/author-view/v3-html-author-view.ftl"("en", UTF-8, parsed); will try to load it.
2020-08-14 17:05:07,423 DEBUG [main] cache:45 - TemplateLoader.findTemplateSource("v3html/author-view/v3-html-author-view_en.ftl"): Not found
2020-08-14 17:05:07,423 DEBUG [main] cache:45 - TemplateLoader.findTemplateSource("v3html/author-view/v3-html-author-view.ftl"): Found
2020-08-14 17:05:07,423 DEBUG [main] cache:45 - Loading template for "v3html/author-view/v3-html-author-view.ftl"("en", UTF-8, parsed) from "jar:file:/C:/Users/hp/.m2/repository/com/aventstack/extentreports/4.0.9/extentreports-4.0.9.jar!/com/aventstack/extentreports/view/v3html/author-view/v3-html-author-view.ftl"
2020-08-14 17:05:07,439 DEBUG [main] cache:45 - Couldn't find template in cache for "v3html/dashboard-view/v3-html-dashboard-view.ftl"("en", UTF-8, parsed); will try to load it.
2020-08-14 17:05:07,439 DEBUG [main] cache:45 - TemplateLoader.findTemplateSource("v3html/dashboard-view/v3-html-dashboard-view_en.ftl"): Not found
2020-08-14 17:05:07,439 DEBUG [main] cache:45 - TemplateLoader.findTemplateSource("v3html/dashboard-view/v3-html-dashboard-view.ftl"): Found
2020-08-14 17:05:07,439 DEBUG [main] cache:45 - Loading template for "v3html/dashboard-view/v3-html-dashboard-view.ftl"("en", UTF-8, parsed) from "jar:file:/C:/Users/hp/.m2/repository/com/aventstack/extentreports/4.0.9/extentreports-4.0.9.jar!/com/aventstack/extentreports/view/v3html/dashboard-view/v3-html-dashboard-view.ftl"
2020-08-14 17:05:07,486 DEBUG [main] cache:45 - Couldn't find template in cache for "v3html/logs-view/v3-html-testrunner-logs-view.ftl"("en", UTF-8, parsed); will try to load it.
2020-08-14 17:05:07,486 DEBUG [main] cache:45 - TemplateLoader.findTemplateSource("v3html/logs-view/v3-html-testrunner-logs-view_en.ftl"): Not found
2020-08-14 17:05:07,486 DEBUG [main] cache:45 - TemplateLoader.findTemplateSource("v3html/logs-view/v3-html-testrunner-logs-view.ftl"): Found
2020-08-14 17:05:07,486 DEBUG [main] cache:45 - Loading template for "v3html/logs-view/v3-html-testrunner-logs-view.ftl"("en", UTF-8, parsed) from "jar:file:/C:/Users/hp/.m2/repository/com/aventstack/extentreports/4.0.9/extentreports-4.0.9.jar!/com/aventstack/extentreports/view/v3html/logs-view/v3-html-testrunner-logs-view.ftl"
