2020-08-08 21:50:26,761  INFO [main] HomeTest:33 - Extent report configurtion is completed
2020-08-08 21:51:08,112  INFO [main] Class:23 - Waiting for visibility of [[ChromeDriver: chrome on XP (41c207675df83f0cfe4011c064d146ba)] -> xpath: //input[@placeholder='E-mail address']]
2020-08-08 21:51:08,563  INFO [main] Class:35 - Entering harishkr755@gmail.com to [[ChromeDriver: chrome on XP (41c207675df83f0cfe4011c064d146ba)] -> xpath: //input[@placeholder='E-mail address']]
2020-08-08 21:51:08,638  INFO [main] Class:23 - Waiting for visibility of [[ChromeDriver: chrome on XP (41c207675df83f0cfe4011c064d146ba)] -> xpath: //input[@placeholder='Password']]
2020-08-08 21:51:08,971  INFO [main] Class:35 - Entering Harish@123 to [[ChromeDriver: chrome on XP (41c207675df83f0cfe4011c064d146ba)] -> xpath: //input[@placeholder='Password']]
2020-08-08 21:51:09,056  INFO [main] Class:23 - Waiting for visibility of [[ChromeDriver: chrome on XP (41c207675df83f0cfe4011c064d146ba)] -> xpath: //div[@class='ui fluid large blue submit button']]
2020-08-08 21:51:09,378  INFO [main] Class:29 - Clicked on the [[ChromeDriver: chrome on XP (41c207675df83f0cfe4011c064d146ba)] -> xpath: //div[@class='ui fluid large blue submit button']]
2020-08-08 21:51:47,771  INFO [main] LoginTest:29 - Browser lounched...! and url is hited
2020-08-08 21:51:47,912  INFO [main] Class:23 - Waiting for visibility of [[ChromeDriver: chrome on XP (2843b00317216fa081ed643534d366c5)] -> xpath: //input[@placeholder='E-mail address']]
2020-08-08 21:51:48,536  INFO [main] Class:35 - Entering harishkr755@gmail.com to [[ChromeDriver: chrome on XP (2843b00317216fa081ed643534d366c5)] -> xpath: //input[@placeholder='E-mail address']]
2020-08-08 21:51:48,600  INFO [main] Class:23 - Waiting for visibility of [[ChromeDriver: chrome on XP (2843b00317216fa081ed643534d366c5)] -> xpath: //input[@placeholder='Password']]
2020-08-08 21:51:48,786  INFO [main] Class:35 - Entering Harish@123 to [[ChromeDriver: chrome on XP (2843b00317216fa081ed643534d366c5)] -> xpath: //input[@placeholder='Password']]
2020-08-08 21:51:48,847  INFO [main] Class:23 - Waiting for visibility of [[ChromeDriver: chrome on XP (2843b00317216fa081ed643534d366c5)] -> xpath: //div[@class='ui fluid large blue submit button']]
2020-08-08 21:51:49,150  INFO [main] Class:29 - Clicked on the [[ChromeDriver: chrome on XP (2843b00317216fa081ed643534d366c5)] -> xpath: //div[@class='ui fluid large blue submit button']]
2020-08-08 21:52:28,392  INFO [main] LoginTest:29 - Browser lounched...! and url is hited
2020-08-08 21:53:08,123  INFO [main] LoginTest:29 - Browser lounched...! and url is hited
2020-08-08 21:53:08,413  INFO [main] Class:23 - Waiting for visibility of [[ChromeDriver: chrome on XP (7c02df45bacb6702f9aa94c63ccae573)] -> xpath: //input[@placeholder='E-mail address']]
2020-08-08 21:53:08,612  INFO [main] Class:35 - Entering abc to [[ChromeDriver: chrome on XP (7c02df45bacb6702f9aa94c63ccae573)] -> xpath: //input[@placeholder='E-mail address']]
2020-08-08 21:53:08,677  INFO [main] Class:23 - Waiting for visibility of [[ChromeDriver: chrome on XP (7c02df45bacb6702f9aa94c63ccae573)] -> xpath: //input[@placeholder='Password']]
2020-08-08 21:53:08,792  INFO [main] Class:35 - Entering abc to [[ChromeDriver: chrome on XP (7c02df45bacb6702f9aa94c63ccae573)] -> xpath: //input[@placeholder='Password']]
2020-08-08 21:53:08,861  INFO [main] Class:23 - Waiting for visibility of [[ChromeDriver: chrome on XP (7c02df45bacb6702f9aa94c63ccae573)] -> xpath: //div[@class='ui fluid large blue submit button']]
2020-08-08 21:53:08,969  INFO [main] Class:29 - Clicked on the [[ChromeDriver: chrome on XP (7c02df45bacb6702f9aa94c63ccae573)] -> xpath: //div[@class='ui fluid large blue submit button']]
2020-08-08 21:53:28,614  INFO [main] LoginTest:29 - Browser lounched...! and url is hited
2020-08-08 21:53:28,737  INFO [main] Class:23 - Waiting for visibility of [[ChromeDriver: chrome on XP (ecf966d58deaddd9fe7141ff25c4ba6a)] -> xpath: //a[contains(text(),'Forgot your password?')]]
2020-08-08 21:53:41,023  INFO [main] Class:29 - Clicked on the Proxy element for: DefaultElementLocator 'By.xpath: //a[contains(text(),'Forgot your password?')]'
2020-08-08 21:54:25,514  INFO [main] LoginTest:29 - Browser lounched...! and url is hited
2020-08-08 21:54:25,612  INFO [main] Class:23 - Waiting for visibility of [[ChromeDriver: chrome on XP (378bcf13655562e1dbff4051c3c4ccd6)] -> xpath: //a[contains(text(),'Forgot your password?')]]
2020-08-08 21:54:38,611  INFO [main] Class:29 - Clicked on the Proxy element for: DefaultElementLocator 'By.xpath: //a[contains(text(),'Forgot your password?')]'
2020-08-08 21:54:38,787  INFO [main] Class:23 - Waiting for visibility of [[ChromeDriver: chrome on XP (378bcf13655562e1dbff4051c3c4ccd6)] -> xpath: //a[contains(text(),'Got an account? Log in here')]]
2020-08-08 21:54:57,556  INFO [main] Class:29 - Clicked on the Proxy element for: DefaultElementLocator 'By.xpath: //a[contains(text(),'Got an account? Log in here')]'
2020-08-08 21:55:03,661 DEBUG [main] cache:45 - Couldn't find template in cache for "v3html/v3-html-index.ftl"("en", UTF-8, parsed); will try to load it.
2020-08-08 21:55:03,664 DEBUG [main] cache:45 - TemplateLoader.findTemplateSource("v3html/v3-html-index_en.ftl"): Not found
2020-08-08 21:55:03,666 DEBUG [main] cache:45 - TemplateLoader.findTemplateSource("v3html/v3-html-index.ftl"): Found
2020-08-08 21:55:03,666 DEBUG [main] cache:45 - Loading template for "v3html/v3-html-index.ftl"("en", UTF-8, parsed) from "jar:file:/C:/Users/hp/.m2/repository/com/aventstack/extentreports/4.0.9/extentreports-4.0.9.jar!/com/aventstack/extentreports/view/v3html/v3-html-index.ftl"
2020-08-08 21:55:04,128 DEBUG [main] cache:45 - Couldn't find template in cache for "v3html/v3-html-head.ftl"("en", UTF-8, parsed); will try to load it.
2020-08-08 21:55:04,128 DEBUG [main] cache:45 - TemplateLoader.findTemplateSource("v3html/v3-html-head_en.ftl"): Not found
2020-08-08 21:55:04,128 DEBUG [main] cache:45 - TemplateLoader.findTemplateSource("v3html/v3-html-head.ftl"): Found
2020-08-08 21:55:04,128 DEBUG [main] cache:45 - Loading template for "v3html/v3-html-head.ftl"("en", UTF-8, parsed) from "jar:file:/C:/Users/hp/.m2/repository/com/aventstack/extentreports/4.0.9/extentreports-4.0.9.jar!/com/aventstack/extentreports/view/v3html/v3-html-head.ftl"
2020-08-08 21:55:04,137 DEBUG [main] cache:45 - Couldn't find template in cache for "v3html/v3-html-nav.ftl"("en", UTF-8, parsed); will try to load it.
2020-08-08 21:55:04,138 DEBUG [main] cache:45 - TemplateLoader.findTemplateSource("v3html/v3-html-nav_en.ftl"): Not found
2020-08-08 21:55:04,138 DEBUG [main] cache:45 - TemplateLoader.findTemplateSource("v3html/v3-html-nav.ftl"): Found
2020-08-08 21:55:04,138 DEBUG [main] cache:45 - Loading template for "v3html/v3-html-nav.ftl"("en", UTF-8, parsed) from "jar:file:/C:/Users/hp/.m2/repository/com/aventstack/extentreports/4.0.9/extentreports-4.0.9.jar!/com/aventstack/extentreports/view/v3html/v3-html-nav.ftl"
2020-08-08 21:55:04,151 DEBUG [main] cache:45 - Couldn't find template in cache for "v3html/test-view/v3-html-test-view.ftl"("en", UTF-8, parsed); will try to load it.
2020-08-08 21:55:04,151 DEBUG [main] cache:45 - TemplateLoader.findTemplateSource("v3html/test-view/v3-html-test-view_en.ftl"): Not found
2020-08-08 21:55:04,151 DEBUG [main] cache:45 - TemplateLoader.findTemplateSource("v3html/test-view/v3-html-test-view.ftl"): Found
2020-08-08 21:55:04,164 DEBUG [main] cache:45 - Loading template for "v3html/test-view/v3-html-test-view.ftl"("en", UTF-8, parsed) from "jar:file:/C:/Users/hp/.m2/repository/com/aventstack/extentreports/4.0.9/extentreports-4.0.9.jar!/com/aventstack/extentreports/view/v3html/test-view/v3-html-test-view.ftl"
2020-08-08 21:55:04,213 DEBUG [main] cache:45 - Couldn't find template in cache for "v3html/test-view/v3-html-test-view-charts.ftl"("en", UTF-8, parsed); will try to load it.
2020-08-08 21:55:04,213 DEBUG [main] cache:45 - TemplateLoader.findTemplateSource("v3html/test-view/v3-html-test-view-charts_en.ftl"): Not found
2020-08-08 21:55:04,213 DEBUG [main] cache:45 - TemplateLoader.findTemplateSource("v3html/test-view/v3-html-test-view-charts.ftl"): Found
2020-08-08 21:55:04,213 DEBUG [main] cache:45 - Loading template for "v3html/test-view/v3-html-test-view-charts.ftl"("en", UTF-8, parsed) from "jar:file:/C:/Users/hp/.m2/repository/com/aventstack/extentreports/4.0.9/extentreports-4.0.9.jar!/com/aventstack/extentreports/view/v3html/test-view/v3-html-test-view-charts.ftl"
2020-08-08 21:55:04,236 DEBUG [main] cache:45 - Couldn't find template in cache for "v3html/test-view/v3-html-standard.ftl"("en", UTF-8, parsed); will try to load it.
2020-08-08 21:55:04,237 DEBUG [main] cache:45 - TemplateLoader.findTemplateSource("v3html/test-view/v3-html-standard_en.ftl"): Not found
2020-08-08 21:55:04,238 DEBUG [main] cache:45 - TemplateLoader.findTemplateSource("v3html/test-view/v3-html-standard.ftl"): Found
2020-08-08 21:55:04,238 DEBUG [main] cache:45 - Loading template for "v3html/test-view/v3-html-standard.ftl"("en", UTF-8, parsed) from "jar:file:/C:/Users/hp/.m2/repository/com/aventstack/extentreports/4.0.9/extentreports-4.0.9.jar!/com/aventstack/extentreports/view/v3html/test-view/v3-html-standard.ftl"
2020-08-08 21:55:04,275 DEBUG [main] cache:45 - "v3html/test-view/v3-html-standard.ftl"("en", UTF-8, parsed) cached copy not yet stale; using cached.
2020-08-08 21:55:04,285 DEBUG [main] cache:45 - "v3html/test-view/v3-html-standard.ftl"("en", UTF-8, parsed) cached copy not yet stale; using cached.
2020-08-08 21:55:04,289 DEBUG [main] cache:45 - "v3html/test-view/v3-html-standard.ftl"("en", UTF-8, parsed) cached copy not yet stale; using cached.
2020-08-08 21:55:04,290 DEBUG [main] cache:45 - "v3html/test-view/v3-html-standard.ftl"("en", UTF-8, parsed) cached copy not yet stale; using cached.
2020-08-08 21:55:04,290 DEBUG [main] cache:45 - "v3html/test-view/v3-html-standard.ftl"("en", UTF-8, parsed) cached copy not yet stale; using cached.
2020-08-08 21:55:04,298 DEBUG [main] cache:45 - Couldn't find template in cache for "v3html/category-view/v3-html-category-view.ftl"("en", UTF-8, parsed); will try to load it.
2020-08-08 21:55:04,298 DEBUG [main] cache:45 - TemplateLoader.findTemplateSource("v3html/category-view/v3-html-category-view_en.ftl"): Not found
2020-08-08 21:55:04,298 DEBUG [main] cache:45 - TemplateLoader.findTemplateSource("v3html/category-view/v3-html-category-view.ftl"): Found
2020-08-08 21:55:04,298 DEBUG [main] cache:45 - Loading template for "v3html/category-view/v3-html-category-view.ftl"("en", UTF-8, parsed) from "jar:file:/C:/Users/hp/.m2/repository/com/aventstack/extentreports/4.0.9/extentreports-4.0.9.jar!/com/aventstack/extentreports/view/v3html/category-view/v3-html-category-view.ftl"
2020-08-08 21:55:04,309 DEBUG [main] cache:45 - Couldn't find template in cache for "v3html/exception-view/v3-html-exception-view.ftl"("en", UTF-8, parsed); will try to load it.
2020-08-08 21:55:04,312 DEBUG [main] cache:45 - TemplateLoader.findTemplateSource("v3html/exception-view/v3-html-exception-view_en.ftl"): Not found
2020-08-08 21:55:04,313 DEBUG [main] cache:45 - TemplateLoader.findTemplateSource("v3html/exception-view/v3-html-exception-view.ftl"): Found
2020-08-08 21:55:04,313 DEBUG [main] cache:45 - Loading template for "v3html/exception-view/v3-html-exception-view.ftl"("en", UTF-8, parsed) from "jar:file:/C:/Users/hp/.m2/repository/com/aventstack/extentreports/4.0.9/extentreports-4.0.9.jar!/com/aventstack/extentreports/view/v3html/exception-view/v3-html-exception-view.ftl"
2020-08-08 21:55:04,321 DEBUG [main] cache:45 - Couldn't find template in cache for "v3html/author-view/v3-html-author-view.ftl"("en", UTF-8, parsed); will try to load it.
2020-08-08 21:55:04,321 DEBUG [main] cache:45 - TemplateLoader.findTemplateSource("v3html/author-view/v3-html-author-view_en.ftl"): Not found
2020-08-08 21:55:04,322 DEBUG [main] cache:45 - TemplateLoader.findTemplateSource("v3html/author-view/v3-html-author-view.ftl"): Found
2020-08-08 21:55:04,323 DEBUG [main] cache:45 - Loading template for "v3html/author-view/v3-html-author-view.ftl"("en", UTF-8, parsed) from "jar:file:/C:/Users/hp/.m2/repository/com/aventstack/extentreports/4.0.9/extentreports-4.0.9.jar!/com/aventstack/extentreports/view/v3html/author-view/v3-html-author-view.ftl"
2020-08-08 21:55:04,329 DEBUG [main] cache:45 - Couldn't find template in cache for "v3html/dashboard-view/v3-html-dashboard-view.ftl"("en", UTF-8, parsed); will try to load it.
2020-08-08 21:55:04,329 DEBUG [main] cache:45 - TemplateLoader.findTemplateSource("v3html/dashboard-view/v3-html-dashboard-view_en.ftl"): Not found
2020-08-08 21:55:04,329 DEBUG [main] cache:45 - TemplateLoader.findTemplateSource("v3html/dashboard-view/v3-html-dashboard-view.ftl"): Found
2020-08-08 21:55:04,329 DEBUG [main] cache:45 - Loading template for "v3html/dashboard-view/v3-html-dashboard-view.ftl"("en", UTF-8, parsed) from "jar:file:/C:/Users/hp/.m2/repository/com/aventstack/extentreports/4.0.9/extentreports-4.0.9.jar!/com/aventstack/extentreports/view/v3html/dashboard-view/v3-html-dashboard-view.ftl"
2020-08-08 21:55:04,344 DEBUG [main] cache:45 - Couldn't find template in cache for "v3html/logs-view/v3-html-testrunner-logs-view.ftl"("en", UTF-8, parsed); will try to load it.
2020-08-08 21:55:04,344 DEBUG [main] cache:45 - TemplateLoader.findTemplateSource("v3html/logs-view/v3-html-testrunner-logs-view_en.ftl"): Not found
2020-08-08 21:55:04,344 DEBUG [main] cache:45 - TemplateLoader.findTemplateSource("v3html/logs-view/v3-html-testrunner-logs-view.ftl"): Found
2020-08-08 21:55:04,352 DEBUG [main] cache:45 - Loading template for "v3html/logs-view/v3-html-testrunner-logs-view.ftl"("en", UTF-8, parsed) from "jar:file:/C:/Users/hp/.m2/repository/com/aventstack/extentreports/4.0.9/extentreports-4.0.9.jar!/com/aventstack/extentreports/view/v3html/logs-view/v3-html-testrunner-logs-view.ftl"
