2020-08-14 16:15:01,460  INFO [main] HomeTest:30 - Extent report configurtion is completed and setted date for log4j properties file
2020-08-14 16:16:45,014  INFO [main] Class:33 - Entering harishkr755@gmail.com to [[FirefoxDriver: firefox on WINDOWS (b4d56160-c90f-482a-8fe9-0055889e1b74)] -> xpath: //input[@placeholder='E-mail address']]
2020-08-14 16:16:45,497  INFO [main] Class:33 - Entering Harish@123 to [[FirefoxDriver: firefox on WINDOWS (b4d56160-c90f-482a-8fe9-0055889e1b74)] -> xpath: //input[@placeholder='Password']]
2020-08-14 16:16:46,159  INFO [main] Class:28 - Clicked on the [[FirefoxDriver: firefox on WINDOWS (b4d56160-c90f-482a-8fe9-0055889e1b74)] -> xpath: //div[@class='ui fluid large blue submit button']]
2020-08-14 16:16:52,121  INFO [main] HomeTest:35 - Successfully completed Test case, so analysing the result
2020-08-14 16:16:52,405  INFO [main] HomeTest:51 - Closing the browser instance
2020-08-14 16:17:47,646  INFO [main] LoginTest:31 - Browser lounched...! and url is hited
2020-08-14 16:17:49,032  INFO [main] Class:33 - Entering harishkr755@gmail.com to [[FirefoxDriver: firefox on WINDOWS (bccb1161-1c81-4071-b9a3-4a3a8d45ea82)] -> xpath: //input[@placeholder='E-mail address']]
2020-08-14 16:17:49,615  INFO [main] Class:33 - Entering Harish@123 to [[FirefoxDriver: firefox on WINDOWS (bccb1161-1c81-4071-b9a3-4a3a8d45ea82)] -> xpath: //input[@placeholder='Password']]
2020-08-14 16:17:50,372  INFO [main] Class:28 - Clicked on the [[FirefoxDriver: firefox on WINDOWS (bccb1161-1c81-4071-b9a3-4a3a8d45ea82)] -> xpath: //div[@class='ui fluid large blue submit button']]
2020-08-14 16:17:50,375  INFO [main] LoginTest:35 - Successfully completed Test case, so analysing the result
2020-08-14 16:17:50,376  INFO [main] LoginTest:51 - Closing the browser instance
2020-08-14 16:18:29,521  INFO [main] LoginTest:31 - Browser lounched...! and url is hited
2020-08-14 16:18:29,749  INFO [main] LoginTest:35 - Successfully completed Test case, so analysing the result
2020-08-14 16:18:29,751  INFO [main] LoginTest:51 - Closing the browser instance
2020-08-14 16:19:19,787  INFO [main] LoginTest:31 - Browser lounched...! and url is hited
2020-08-14 16:19:20,229  INFO [main] Class:33 - Entering abc to [[FirefoxDriver: firefox on WINDOWS (bf777b81-1c59-4fa6-b9e1-8967b19597cc)] -> xpath: //input[@placeholder='E-mail address']]
2020-08-14 16:19:20,292  INFO [main] Class:33 - Entering abc to [[FirefoxDriver: firefox on WINDOWS (bf777b81-1c59-4fa6-b9e1-8967b19597cc)] -> xpath: //input[@placeholder='Password']]
2020-08-14 16:19:20,548  INFO [main] Class:28 - Clicked on the [[FirefoxDriver: firefox on WINDOWS (bf777b81-1c59-4fa6-b9e1-8967b19597cc)] -> xpath: //div[@class='ui fluid large blue submit button']]
2020-08-14 16:19:21,504  INFO [main] LoginTest:35 - Successfully completed Test case, so analysing the result
2020-08-14 16:19:21,505  INFO [main] LoginTest:51 - Closing the browser instance
2020-08-14 16:20:01,508  INFO [main] LoginTest:31 - Browser lounched...! and url is hited
2020-08-14 16:20:14,694  INFO [main] Class:28 - Clicked on the Proxy element for: DefaultElementLocator 'By.xpath: //a[contains(text(),'Forgot your password?')]'
2020-08-14 16:20:14,803  INFO [main] LoginTest:35 - Successfully completed Test case, so analysing the result
2020-08-14 16:20:14,803  INFO [main] LoginTest:51 - Closing the browser instance
2020-08-14 16:20:44,788  INFO [main] LoginTest:31 - Browser lounched...! and url is hited
2020-08-14 16:20:56,691  INFO [main] Class:28 - Clicked on the Proxy element for: DefaultElementLocator 'By.xpath: //a[contains(text(),'Forgot your password?')]'
2020-08-14 16:21:13,516  INFO [main] Class:28 - Clicked on the Proxy element for: DefaultElementLocator 'By.xpath: //a[contains(text(),'Got an account? Log in here')]'
2020-08-14 16:21:13,591  INFO [main] LoginTest:35 - Successfully completed Test case, so analysing the result
2020-08-14 16:21:13,594  INFO [main] LoginTest:51 - Closing the browser instance
2020-08-14 16:21:20,646  INFO [main] HomeTest:57 - Flushimg the results into Extent report
2020-08-14 16:21:20,686 DEBUG [main] cache:45 - Couldn't find template in cache for "v3html/v3-html-index.ftl"("en", UTF-8, parsed); will try to load it.
2020-08-14 16:21:20,687 DEBUG [main] cache:45 - TemplateLoader.findTemplateSource("v3html/v3-html-index_en.ftl"): Not found
2020-08-14 16:21:20,689 DEBUG [main] cache:45 - TemplateLoader.findTemplateSource("v3html/v3-html-index.ftl"): Found
2020-08-14 16:21:20,689 DEBUG [main] cache:45 - Loading template for "v3html/v3-html-index.ftl"("en", UTF-8, parsed) from "jar:file:/C:/Users/hp/.m2/repository/com/aventstack/extentreports/4.0.9/extentreports-4.0.9.jar!/com/aventstack/extentreports/view/v3html/v3-html-index.ftl"
2020-08-14 16:21:21,170 DEBUG [main] cache:45 - Couldn't find template in cache for "v3html/v3-html-head.ftl"("en", UTF-8, parsed); will try to load it.
2020-08-14 16:21:21,171 DEBUG [main] cache:45 - TemplateLoader.findTemplateSource("v3html/v3-html-head_en.ftl"): Not found
2020-08-14 16:21:21,171 DEBUG [main] cache:45 - TemplateLoader.findTemplateSource("v3html/v3-html-head.ftl"): Found
2020-08-14 16:21:21,172 DEBUG [main] cache:45 - Loading template for "v3html/v3-html-head.ftl"("en", UTF-8, parsed) from "jar:file:/C:/Users/hp/.m2/repository/com/aventstack/extentreports/4.0.9/extentreports-4.0.9.jar!/com/aventstack/extentreports/view/v3html/v3-html-head.ftl"
2020-08-14 16:21:21,175 DEBUG [main] cache:45 - Couldn't find template in cache for "v3html/v3-html-nav.ftl"("en", UTF-8, parsed); will try to load it.
2020-08-14 16:21:21,176 DEBUG [main] cache:45 - TemplateLoader.findTemplateSource("v3html/v3-html-nav_en.ftl"): Not found
2020-08-14 16:21:21,176 DEBUG [main] cache:45 - TemplateLoader.findTemplateSource("v3html/v3-html-nav.ftl"): Found
2020-08-14 16:21:21,176 DEBUG [main] cache:45 - Loading template for "v3html/v3-html-nav.ftl"("en", UTF-8, parsed) from "jar:file:/C:/Users/hp/.m2/repository/com/aventstack/extentreports/4.0.9/extentreports-4.0.9.jar!/com/aventstack/extentreports/view/v3html/v3-html-nav.ftl"
2020-08-14 16:21:21,187 DEBUG [main] cache:45 - Couldn't find template in cache for "v3html/test-view/v3-html-test-view.ftl"("en", UTF-8, parsed); will try to load it.
2020-08-14 16:21:21,187 DEBUG [main] cache:45 - TemplateLoader.findTemplateSource("v3html/test-view/v3-html-test-view_en.ftl"): Not found
2020-08-14 16:21:21,188 DEBUG [main] cache:45 - TemplateLoader.findTemplateSource("v3html/test-view/v3-html-test-view.ftl"): Found
2020-08-14 16:21:21,188 DEBUG [main] cache:45 - Loading template for "v3html/test-view/v3-html-test-view.ftl"("en", UTF-8, parsed) from "jar:file:/C:/Users/hp/.m2/repository/com/aventstack/extentreports/4.0.9/extentreports-4.0.9.jar!/com/aventstack/extentreports/view/v3html/test-view/v3-html-test-view.ftl"
2020-08-14 16:21:21,212 DEBUG [main] cache:45 - Couldn't find template in cache for "v3html/test-view/v3-html-test-view-charts.ftl"("en", UTF-8, parsed); will try to load it.
2020-08-14 16:21:21,212 DEBUG [main] cache:45 - TemplateLoader.findTemplateSource("v3html/test-view/v3-html-test-view-charts_en.ftl"): Not found
2020-08-14 16:21:21,213 DEBUG [main] cache:45 - TemplateLoader.findTemplateSource("v3html/test-view/v3-html-test-view-charts.ftl"): Found
2020-08-14 16:21:21,213 DEBUG [main] cache:45 - Loading template for "v3html/test-view/v3-html-test-view-charts.ftl"("en", UTF-8, parsed) from "jar:file:/C:/Users/hp/.m2/repository/com/aventstack/extentreports/4.0.9/extentreports-4.0.9.jar!/com/aventstack/extentreports/view/v3html/test-view/v3-html-test-view-charts.ftl"
2020-08-14 16:21:21,230 DEBUG [main] cache:45 - Couldn't find template in cache for "v3html/test-view/v3-html-standard.ftl"("en", UTF-8, parsed); will try to load it.
2020-08-14 16:21:21,230 DEBUG [main] cache:45 - TemplateLoader.findTemplateSource("v3html/test-view/v3-html-standard_en.ftl"): Not found
2020-08-14 16:21:21,231 DEBUG [main] cache:45 - TemplateLoader.findTemplateSource("v3html/test-view/v3-html-standard.ftl"): Found
2020-08-14 16:21:21,231 DEBUG [main] cache:45 - Loading template for "v3html/test-view/v3-html-standard.ftl"("en", UTF-8, parsed) from "jar:file:/C:/Users/hp/.m2/repository/com/aventstack/extentreports/4.0.9/extentreports-4.0.9.jar!/com/aventstack/extentreports/view/v3html/test-view/v3-html-standard.ftl"
2020-08-14 16:21:21,316 DEBUG [main] cache:45 - "v3html/test-view/v3-html-standard.ftl"("en", UTF-8, parsed) cached copy not yet stale; using cached.
2020-08-14 16:21:21,320 DEBUG [main] cache:45 - "v3html/test-view/v3-html-standard.ftl"("en", UTF-8, parsed) cached copy not yet stale; using cached.
2020-08-14 16:21:21,322 DEBUG [main] cache:45 - "v3html/test-view/v3-html-standard.ftl"("en", UTF-8, parsed) cached copy not yet stale; using cached.
2020-08-14 16:21:21,326 DEBUG [main] cache:45 - "v3html/test-view/v3-html-standard.ftl"("en", UTF-8, parsed) cached copy not yet stale; using cached.
2020-08-14 16:21:21,329 DEBUG [main] cache:45 - "v3html/test-view/v3-html-standard.ftl"("en", UTF-8, parsed) cached copy not yet stale; using cached.
2020-08-14 16:21:21,331 DEBUG [main] cache:45 - Couldn't find template in cache for "v3html/category-view/v3-html-category-view.ftl"("en", UTF-8, parsed); will try to load it.
2020-08-14 16:21:21,332 DEBUG [main] cache:45 - TemplateLoader.findTemplateSource("v3html/category-view/v3-html-category-view_en.ftl"): Not found
2020-08-14 16:21:21,334 DEBUG [main] cache:45 - TemplateLoader.findTemplateSource("v3html/category-view/v3-html-category-view.ftl"): Found
2020-08-14 16:21:21,334 DEBUG [main] cache:45 - Loading template for "v3html/category-view/v3-html-category-view.ftl"("en", UTF-8, parsed) from "jar:file:/C:/Users/hp/.m2/repository/com/aventstack/extentreports/4.0.9/extentreports-4.0.9.jar!/com/aventstack/extentreports/view/v3html/category-view/v3-html-category-view.ftl"
2020-08-14 16:21:21,343 DEBUG [main] cache:45 - Couldn't find template in cache for "v3html/exception-view/v3-html-exception-view.ftl"("en", UTF-8, parsed); will try to load it.
2020-08-14 16:21:21,343 DEBUG [main] cache:45 - TemplateLoader.findTemplateSource("v3html/exception-view/v3-html-exception-view_en.ftl"): Not found
2020-08-14 16:21:21,344 DEBUG [main] cache:45 - TemplateLoader.findTemplateSource("v3html/exception-view/v3-html-exception-view.ftl"): Found
2020-08-14 16:21:21,344 DEBUG [main] cache:45 - Loading template for "v3html/exception-view/v3-html-exception-view.ftl"("en", UTF-8, parsed) from "jar:file:/C:/Users/hp/.m2/repository/com/aventstack/extentreports/4.0.9/extentreports-4.0.9.jar!/com/aventstack/extentreports/view/v3html/exception-view/v3-html-exception-view.ftl"
2020-08-14 16:21:21,351 DEBUG [main] cache:45 - Couldn't find template in cache for "v3html/author-view/v3-html-author-view.ftl"("en", UTF-8, parsed); will try to load it.
2020-08-14 16:21:21,353 DEBUG [main] cache:45 - TemplateLoader.findTemplateSource("v3html/author-view/v3-html-author-view_en.ftl"): Not found
2020-08-14 16:21:21,354 DEBUG [main] cache:45 - TemplateLoader.findTemplateSource("v3html/author-view/v3-html-author-view.ftl"): Found
2020-08-14 16:21:21,354 DEBUG [main] cache:45 - Loading template for "v3html/author-view/v3-html-author-view.ftl"("en", UTF-8, parsed) from "jar:file:/C:/Users/hp/.m2/repository/com/aventstack/extentreports/4.0.9/extentreports-4.0.9.jar!/com/aventstack/extentreports/view/v3html/author-view/v3-html-author-view.ftl"
2020-08-14 16:21:21,360 DEBUG [main] cache:45 - Couldn't find template in cache for "v3html/dashboard-view/v3-html-dashboard-view.ftl"("en", UTF-8, parsed); will try to load it.
2020-08-14 16:21:21,361 DEBUG [main] cache:45 - TemplateLoader.findTemplateSource("v3html/dashboard-view/v3-html-dashboard-view_en.ftl"): Not found
2020-08-14 16:21:21,361 DEBUG [main] cache:45 - TemplateLoader.findTemplateSource("v3html/dashboard-view/v3-html-dashboard-view.ftl"): Found
2020-08-14 16:21:21,362 DEBUG [main] cache:45 - Loading template for "v3html/dashboard-view/v3-html-dashboard-view.ftl"("en", UTF-8, parsed) from "jar:file:/C:/Users/hp/.m2/repository/com/aventstack/extentreports/4.0.9/extentreports-4.0.9.jar!/com/aventstack/extentreports/view/v3html/dashboard-view/v3-html-dashboard-view.ftl"
2020-08-14 16:21:21,376 DEBUG [main] cache:45 - Couldn't find template in cache for "v3html/logs-view/v3-html-testrunner-logs-view.ftl"("en", UTF-8, parsed); will try to load it.
2020-08-14 16:21:21,376 DEBUG [main] cache:45 - TemplateLoader.findTemplateSource("v3html/logs-view/v3-html-testrunner-logs-view_en.ftl"): Not found
2020-08-14 16:21:21,377 DEBUG [main] cache:45 - TemplateLoader.findTemplateSource("v3html/logs-view/v3-html-testrunner-logs-view.ftl"): Found
2020-08-14 16:21:21,377 DEBUG [main] cache:45 - Loading template for "v3html/logs-view/v3-html-testrunner-logs-view.ftl"("en", UTF-8, parsed) from "jar:file:/C:/Users/hp/.m2/repository/com/aventstack/extentreports/4.0.9/extentreports-4.0.9.jar!/com/aventstack/extentreports/view/v3html/logs-view/v3-html-testrunner-logs-view.ftl"
