2020-08-14 16:22:45,659  INFO [TestNG-tests-2] LoginTest:30 - Extent report configurtion is completed and setted date for log4j properties file
2020-08-14 16:22:45,659  INFO [TestNG-tests-1] LoginTest:30 - Extent report configurtion is completed and setted date for log4j properties file
2020-08-14 16:23:37,124  INFO [TestNG-tests-1] LoginTest:31 - Browser lounched...! and url is hited
2020-08-14 16:23:37,126  INFO [TestNG-tests-2] LoginTest:31 - Browser lounched...! and url is hited
2020-08-14 16:23:38,980  INFO [TestNG-tests-2] Class:33 - Entering harishkr755@gmail.com to [[FirefoxDriver: firefox on WINDOWS (a989e1e3-2585-4ff1-a6ad-1277a090f575)] -> xpath: //input[@placeholder='E-mail address']]
2020-08-14 16:23:38,986  INFO [TestNG-tests-1] Class:33 - Entering harishkr755@gmail.com to [[FirefoxDriver: firefox on WINDOWS (a989e1e3-2585-4ff1-a6ad-1277a090f575)] -> xpath: //input[@placeholder='E-mail address']]
2020-08-14 16:23:39,489  INFO [TestNG-tests-2] Class:33 - Entering Harish@123 to [[FirefoxDriver: firefox on WINDOWS (a989e1e3-2585-4ff1-a6ad-1277a090f575)] -> xpath: //input[@placeholder='Password']]
2020-08-14 16:23:39,494  INFO [TestNG-tests-1] Class:33 - Entering Harish@123 to [[FirefoxDriver: firefox on WINDOWS (a989e1e3-2585-4ff1-a6ad-1277a090f575)] -> xpath: //input[@placeholder='Password']]
2020-08-14 16:23:40,062  INFO [TestNG-tests-2] Class:28 - Clicked on the [[FirefoxDriver: firefox on WINDOWS (a989e1e3-2585-4ff1-a6ad-1277a090f575)] -> xpath: //div[@class='ui fluid large blue submit button']]
2020-08-14 16:23:40,084  INFO [TestNG-tests-2] LoginTest:35 - Successfully completed Test case, so analysing the result
2020-08-14 16:23:40,103  INFO [TestNG-tests-1] Class:28 - Clicked on the [[FirefoxDriver: firefox on WINDOWS (a989e1e3-2585-4ff1-a6ad-1277a090f575)] -> xpath: //div[@class='ui fluid large blue submit button']]
2020-08-14 16:23:40,110  INFO [TestNG-tests-1] LoginTest:35 - Successfully completed Test case, so analysing the result
2020-08-14 16:23:40,120  INFO [TestNG-tests-2] LoginTest:51 - Closing the browser instance
2020-08-14 16:23:40,122  INFO [TestNG-tests-1] LoginTest:51 - Closing the browser instance
2020-08-14 16:24:13,437  INFO [TestNG-tests-2] LoginTest:31 - Browser lounched...! and url is hited
2020-08-14 16:24:13,440  INFO [TestNG-tests-1] LoginTest:31 - Browser lounched...! and url is hited
2020-08-14 16:24:13,450  INFO [TestNG-tests-1] LoginTest:35 - Successfully completed Test case, so analysing the result
2020-08-14 16:24:13,452  INFO [TestNG-tests-1] LoginTest:51 - Closing the browser instance
2020-08-14 16:24:13,945  INFO [TestNG-tests-2] LoginTest:35 - Successfully completed Test case, so analysing the result
2020-08-14 16:24:13,947  INFO [TestNG-tests-2] LoginTest:51 - Closing the browser instance
2020-08-14 16:24:43,833  INFO [TestNG-tests-1] LoginTest:31 - Browser lounched...! and url is hited
2020-08-14 16:24:43,888  INFO [TestNG-tests-1] LoginTest:35 - Successfully completed Test case, so analysing the result
2020-08-14 16:24:43,889  INFO [TestNG-tests-1] LoginTest:51 - Closing the browser instance
2020-08-14 16:24:55,368  INFO [TestNG-tests-2] LoginTest:31 - Browser lounched...! and url is hited
2020-08-14 16:24:55,372  INFO [TestNG-tests-2] LoginTest:35 - Successfully completed Test case, so analysing the result
2020-08-14 16:24:55,373  INFO [TestNG-tests-2] LoginTest:51 - Closing the browser instance
2020-08-14 16:25:47,604  INFO [TestNG-tests-1] LoginTest:31 - Browser lounched...! and url is hited
2020-08-14 16:25:47,613  INFO [TestNG-tests-1] LoginTest:35 - Successfully completed Test case, so analysing the result
2020-08-14 16:25:47,614  INFO [TestNG-tests-1] LoginTest:51 - Closing the browser instance
2020-08-14 16:25:47,619  INFO [TestNG-tests-2] LoginTest:31 - Browser lounched...! and url is hited
2020-08-14 16:25:47,654  INFO [TestNG-tests-2] LoginTest:35 - Successfully completed Test case, so analysing the result
2020-08-14 16:25:47,655  INFO [TestNG-tests-2] LoginTest:51 - Closing the browser instance
2020-08-14 16:27:04,863  INFO [TestNG-tests-1] LoginTest:31 - Browser lounched...! and url is hited
2020-08-14 16:27:04,867  INFO [TestNG-tests-2] LoginTest:31 - Browser lounched...! and url is hited
2020-08-14 16:27:05,353  INFO [TestNG-tests-1] LoginTest:35 - Successfully completed Test case, so analysing the result
2020-08-14 16:27:05,354  INFO [TestNG-tests-1] LoginTest:51 - Closing the browser instance
2020-08-14 16:27:05,361  INFO [TestNG-tests-2] LoginTest:35 - Successfully completed Test case, so analysing the result
2020-08-14 16:27:05,362  INFO [TestNG-tests-2] LoginTest:51 - Closing the browser instance
