2020-08-14 15:45:05,956  INFO [TestNG-tests-1] HomeTest:30 - Extent report configurtion is completed and setted date for log4j properties file
2020-08-14 15:45:05,956  INFO [TestNG-tests-2] HomeTest:30 - Extent report configurtion is completed and setted date for log4j properties file
2020-08-14 15:45:13,653  INFO [TestNG-tests-2] HomeTest:35 - Successfully completed Test case, so analysing the result
2020-08-14 15:45:13,653  INFO [TestNG-tests-2] HomeTest:51 - Closing the browser instance
2020-08-14 15:45:14,123  INFO [TestNG-tests-1] HomeTest:35 - Successfully completed Test case, so analysing the result
2020-08-14 15:45:14,123  INFO [TestNG-tests-1] HomeTest:51 - Closing the browser instance
2020-08-14 15:45:14,588  INFO [TestNG-tests-1] LoginTest:31 - Browser lounched...! and url is hited
2020-08-14 15:45:14,629  INFO [TestNG-tests-1] LoginTest:35 - Successfully completed Test case, so analysing the result
2020-08-14 15:45:14,661  INFO [TestNG-tests-2] LoginTest:31 - Browser lounched...! and url is hited
2020-08-14 15:45:14,669  INFO [TestNG-tests-2] LoginTest:35 - Successfully completed Test case, so analysing the result
2020-08-14 15:45:14,725  INFO [TestNG-tests-2] LoginTest:51 - Closing the browser instance
2020-08-14 15:45:14,725  INFO [TestNG-tests-1] LoginTest:51 - Closing the browser instance
2020-08-14 15:45:14,751  INFO [TestNG-tests-2] LoginTest:31 - Browser lounched...! and url is hited
2020-08-14 15:45:14,752  INFO [TestNG-tests-1] LoginTest:31 - Browser lounched...! and url is hited
2020-08-14 15:45:14,755  INFO [TestNG-tests-2] LoginTest:35 - Successfully completed Test case, so analysing the result
2020-08-14 15:45:14,755  INFO [TestNG-tests-2] LoginTest:51 - Closing the browser instance
2020-08-14 15:45:14,785  INFO [TestNG-tests-2] LoginTest:31 - Browser lounched...! and url is hited
2020-08-14 15:45:14,785  INFO [TestNG-tests-1] LoginTest:35 - Successfully completed Test case, so analysing the result
2020-08-14 15:45:14,785  INFO [TestNG-tests-1] LoginTest:51 - Closing the browser instance
2020-08-14 15:45:14,785  INFO [TestNG-tests-2] LoginTest:35 - Successfully completed Test case, so analysing the result
2020-08-14 15:45:14,785  INFO [TestNG-tests-2] LoginTest:51 - Closing the browser instance
2020-08-14 15:45:14,793  INFO [TestNG-tests-1] LoginTest:31 - Browser lounched...! and url is hited
2020-08-14 15:45:14,809  INFO [TestNG-tests-1] LoginTest:35 - Successfully completed Test case, so analysing the result
2020-08-14 15:45:14,809  INFO [TestNG-tests-1] LoginTest:51 - Closing the browser instance
2020-08-14 15:45:14,809  INFO [TestNG-tests-2] LoginTest:31 - Browser lounched...! and url is hited
2020-08-14 15:45:14,809  INFO [TestNG-tests-2] LoginTest:35 - Successfully completed Test case, so analysing the result
2020-08-14 15:45:14,809  INFO [TestNG-tests-2] LoginTest:51 - Closing the browser instance
2020-08-14 15:45:14,825  INFO [TestNG-tests-2] LoginTest:31 - Browser lounched...! and url is hited
2020-08-14 15:45:14,825  INFO [TestNG-tests-2] LoginTest:35 - Successfully completed Test case, so analysing the result
2020-08-14 15:45:14,825  INFO [TestNG-tests-2] LoginTest:51 - Closing the browser instance
2020-08-14 15:45:14,849  INFO [TestNG-tests-2] HomeTest:57 - Flushimg the results into Extent report
2020-08-14 15:45:14,996 DEBUG [TestNG-tests-2] cache:45 - Couldn't find template in cache for "v3html/v3-html-index.ftl"("en", UTF-8, parsed); will try to load it.
2020-08-14 15:45:14,996 DEBUG [TestNG-tests-2] cache:45 - TemplateLoader.findTemplateSource("v3html/v3-html-index_en.ftl"): Not found
2020-08-14 15:45:15,005 DEBUG [TestNG-tests-2] cache:45 - TemplateLoader.findTemplateSource("v3html/v3-html-index.ftl"): Found
2020-08-14 15:45:15,005 DEBUG [TestNG-tests-2] cache:45 - Loading template for "v3html/v3-html-index.ftl"("en", UTF-8, parsed) from "jar:file:/C:/Users/hp/.m2/repository/com/aventstack/extentreports/4.0.9/extentreports-4.0.9.jar!/com/aventstack/extentreports/view/v3html/v3-html-index.ftl"
2020-08-14 15:45:15,730 DEBUG [TestNG-tests-2] cache:45 - Couldn't find template in cache for "v3html/v3-html-head.ftl"("en", UTF-8, parsed); will try to load it.
2020-08-14 15:45:15,731 DEBUG [TestNG-tests-2] cache:45 - TemplateLoader.findTemplateSource("v3html/v3-html-head_en.ftl"): Not found
2020-08-14 15:45:15,732 DEBUG [TestNG-tests-2] cache:45 - TemplateLoader.findTemplateSource("v3html/v3-html-head.ftl"): Found
2020-08-14 15:45:15,732 DEBUG [TestNG-tests-2] cache:45 - Loading template for "v3html/v3-html-head.ftl"("en", UTF-8, parsed) from "jar:file:/C:/Users/hp/.m2/repository/com/aventstack/extentreports/4.0.9/extentreports-4.0.9.jar!/com/aventstack/extentreports/view/v3html/v3-html-head.ftl"
2020-08-14 15:45:15,750 DEBUG [TestNG-tests-2] cache:45 - Couldn't find template in cache for "v3html/v3-html-nav.ftl"("en", UTF-8, parsed); will try to load it.
2020-08-14 15:45:15,750 DEBUG [TestNG-tests-2] cache:45 - TemplateLoader.findTemplateSource("v3html/v3-html-nav_en.ftl"): Not found
2020-08-14 15:45:15,750 DEBUG [TestNG-tests-2] cache:45 - TemplateLoader.findTemplateSource("v3html/v3-html-nav.ftl"): Found
2020-08-14 15:45:15,750 DEBUG [TestNG-tests-2] cache:45 - Loading template for "v3html/v3-html-nav.ftl"("en", UTF-8, parsed) from "jar:file:/C:/Users/hp/.m2/repository/com/aventstack/extentreports/4.0.9/extentreports-4.0.9.jar!/com/aventstack/extentreports/view/v3html/v3-html-nav.ftl"
2020-08-14 15:45:15,789 DEBUG [TestNG-tests-2] cache:45 - Couldn't find template in cache for "v3html/test-view/v3-html-test-view.ftl"("en", UTF-8, parsed); will try to load it.
2020-08-14 15:45:15,790 DEBUG [TestNG-tests-2] cache:45 - TemplateLoader.findTemplateSource("v3html/test-view/v3-html-test-view_en.ftl"): Not found
2020-08-14 15:45:15,793 DEBUG [TestNG-tests-2] cache:45 - TemplateLoader.findTemplateSource("v3html/test-view/v3-html-test-view.ftl"): Found
2020-08-14 15:45:15,800 DEBUG [TestNG-tests-2] cache:45 - Loading template for "v3html/test-view/v3-html-test-view.ftl"("en", UTF-8, parsed) from "jar:file:/C:/Users/hp/.m2/repository/com/aventstack/extentreports/4.0.9/extentreports-4.0.9.jar!/com/aventstack/extentreports/view/v3html/test-view/v3-html-test-view.ftl"
2020-08-14 15:45:15,849 DEBUG [TestNG-tests-2] cache:45 - Couldn't find template in cache for "v3html/test-view/v3-html-test-view-charts.ftl"("en", UTF-8, parsed); will try to load it.
2020-08-14 15:45:15,849 DEBUG [TestNG-tests-2] cache:45 - TemplateLoader.findTemplateSource("v3html/test-view/v3-html-test-view-charts_en.ftl"): Not found
2020-08-14 15:45:15,849 DEBUG [TestNG-tests-2] cache:45 - TemplateLoader.findTemplateSource("v3html/test-view/v3-html-test-view-charts.ftl"): Found
2020-08-14 15:45:15,849 DEBUG [TestNG-tests-2] cache:45 - Loading template for "v3html/test-view/v3-html-test-view-charts.ftl"("en", UTF-8, parsed) from "jar:file:/C:/Users/hp/.m2/repository/com/aventstack/extentreports/4.0.9/extentreports-4.0.9.jar!/com/aventstack/extentreports/view/v3html/test-view/v3-html-test-view-charts.ftl"
2020-08-14 15:45:15,874 DEBUG [TestNG-tests-2] cache:45 - Couldn't find template in cache for "v3html/test-view/v3-html-standard.ftl"("en", UTF-8, parsed); will try to load it.
2020-08-14 15:45:15,874 DEBUG [TestNG-tests-2] cache:45 - TemplateLoader.findTemplateSource("v3html/test-view/v3-html-standard_en.ftl"): Not found
2020-08-14 15:45:15,875 DEBUG [TestNG-tests-2] cache:45 - TemplateLoader.findTemplateSource("v3html/test-view/v3-html-standard.ftl"): Found
2020-08-14 15:45:15,875 DEBUG [TestNG-tests-2] cache:45 - Loading template for "v3html/test-view/v3-html-standard.ftl"("en", UTF-8, parsed) from "jar:file:/C:/Users/hp/.m2/repository/com/aventstack/extentreports/4.0.9/extentreports-4.0.9.jar!/com/aventstack/extentreports/view/v3html/test-view/v3-html-standard.ftl"
2020-08-14 15:45:15,889 DEBUG [TestNG-tests-2] cache:45 - "v3html/test-view/v3-html-standard.ftl"("en", UTF-8, parsed) cached copy not yet stale; using cached.
2020-08-14 15:45:15,889 DEBUG [TestNG-tests-2] cache:45 - "v3html/test-view/v3-html-standard.ftl"("en", UTF-8, parsed) cached copy not yet stale; using cached.
2020-08-14 15:45:15,897 DEBUG [TestNG-tests-2] cache:45 - "v3html/test-view/v3-html-standard.ftl"("en", UTF-8, parsed) cached copy not yet stale; using cached.
2020-08-14 15:45:15,913 DEBUG [TestNG-tests-2] cache:45 - "v3html/test-view/v3-html-standard.ftl"("en", UTF-8, parsed) cached copy not yet stale; using cached.
2020-08-14 15:45:15,913 DEBUG [TestNG-tests-2] cache:45 - "v3html/test-view/v3-html-standard.ftl"("en", UTF-8, parsed) cached copy not yet stale; using cached.
2020-08-14 15:45:15,921 DEBUG [TestNG-tests-2] cache:45 - "v3html/test-view/v3-html-standard.ftl"("en", UTF-8, parsed) cached copy not yet stale; using cached.
2020-08-14 15:45:15,921 DEBUG [TestNG-tests-2] cache:45 - "v3html/test-view/v3-html-standard.ftl"("en", UTF-8, parsed) cached copy not yet stale; using cached.
2020-08-14 15:45:15,921 DEBUG [TestNG-tests-2] cache:45 - "v3html/test-view/v3-html-standard.ftl"("en", UTF-8, parsed) cached copy not yet stale; using cached.
2020-08-14 15:45:15,929 DEBUG [TestNG-tests-2] cache:45 - "v3html/test-view/v3-html-standard.ftl"("en", UTF-8, parsed) cached copy not yet stale; using cached.
2020-08-14 15:45:15,929 DEBUG [TestNG-tests-2] cache:45 - Couldn't find template in cache for "v3html/category-view/v3-html-category-view.ftl"("en", UTF-8, parsed); will try to load it.
2020-08-14 15:45:15,929 DEBUG [TestNG-tests-2] cache:45 - TemplateLoader.findTemplateSource("v3html/category-view/v3-html-category-view_en.ftl"): Not found
2020-08-14 15:45:15,929 DEBUG [TestNG-tests-2] cache:45 - TemplateLoader.findTemplateSource("v3html/category-view/v3-html-category-view.ftl"): Found
2020-08-14 15:45:15,929 DEBUG [TestNG-tests-2] cache:45 - Loading template for "v3html/category-view/v3-html-category-view.ftl"("en", UTF-8, parsed) from "jar:file:/C:/Users/hp/.m2/repository/com/aventstack/extentreports/4.0.9/extentreports-4.0.9.jar!/com/aventstack/extentreports/view/v3html/category-view/v3-html-category-view.ftl"
2020-08-14 15:45:15,945 DEBUG [TestNG-tests-2] cache:45 - Couldn't find template in cache for "v3html/exception-view/v3-html-exception-view.ftl"("en", UTF-8, parsed); will try to load it.
2020-08-14 15:45:15,945 DEBUG [TestNG-tests-2] cache:45 - TemplateLoader.findTemplateSource("v3html/exception-view/v3-html-exception-view_en.ftl"): Not found
2020-08-14 15:45:15,953 DEBUG [TestNG-tests-2] cache:45 - TemplateLoader.findTemplateSource("v3html/exception-view/v3-html-exception-view.ftl"): Found
2020-08-14 15:45:15,953 DEBUG [TestNG-tests-2] cache:45 - Loading template for "v3html/exception-view/v3-html-exception-view.ftl"("en", UTF-8, parsed) from "jar:file:/C:/Users/hp/.m2/repository/com/aventstack/extentreports/4.0.9/extentreports-4.0.9.jar!/com/aventstack/extentreports/view/v3html/exception-view/v3-html-exception-view.ftl"
2020-08-14 15:45:15,953 DEBUG [TestNG-tests-2] cache:45 - Couldn't find template in cache for "v3html/author-view/v3-html-author-view.ftl"("en", UTF-8, parsed); will try to load it.
2020-08-14 15:45:15,953 DEBUG [TestNG-tests-2] cache:45 - TemplateLoader.findTemplateSource("v3html/author-view/v3-html-author-view_en.ftl"): Not found
2020-08-14 15:45:15,961 DEBUG [TestNG-tests-2] cache:45 - TemplateLoader.findTemplateSource("v3html/author-view/v3-html-author-view.ftl"): Found
2020-08-14 15:45:15,961 DEBUG [TestNG-tests-2] cache:45 - Loading template for "v3html/author-view/v3-html-author-view.ftl"("en", UTF-8, parsed) from "jar:file:/C:/Users/hp/.m2/repository/com/aventstack/extentreports/4.0.9/extentreports-4.0.9.jar!/com/aventstack/extentreports/view/v3html/author-view/v3-html-author-view.ftl"
2020-08-14 15:45:15,961 DEBUG [TestNG-tests-2] cache:45 - Couldn't find template in cache for "v3html/dashboard-view/v3-html-dashboard-view.ftl"("en", UTF-8, parsed); will try to load it.
2020-08-14 15:45:15,961 DEBUG [TestNG-tests-2] cache:45 - TemplateLoader.findTemplateSource("v3html/dashboard-view/v3-html-dashboard-view_en.ftl"): Not found
2020-08-14 15:45:15,969 DEBUG [TestNG-tests-2] cache:45 - TemplateLoader.findTemplateSource("v3html/dashboard-view/v3-html-dashboard-view.ftl"): Found
2020-08-14 15:45:15,969 DEBUG [TestNG-tests-2] cache:45 - Loading template for "v3html/dashboard-view/v3-html-dashboard-view.ftl"("en", UTF-8, parsed) from "jar:file:/C:/Users/hp/.m2/repository/com/aventstack/extentreports/4.0.9/extentreports-4.0.9.jar!/com/aventstack/extentreports/view/v3html/dashboard-view/v3-html-dashboard-view.ftl"
2020-08-14 15:45:15,982 DEBUG [TestNG-tests-2] cache:45 - Couldn't find template in cache for "v3html/logs-view/v3-html-testrunner-logs-view.ftl"("en", UTF-8, parsed); will try to load it.
2020-08-14 15:45:15,982 DEBUG [TestNG-tests-2] cache:45 - TemplateLoader.findTemplateSource("v3html/logs-view/v3-html-testrunner-logs-view_en.ftl"): Not found
2020-08-14 15:45:15,982 DEBUG [TestNG-tests-2] cache:45 - TemplateLoader.findTemplateSource("v3html/logs-view/v3-html-testrunner-logs-view.ftl"): Found
2020-08-14 15:45:15,982 DEBUG [TestNG-tests-2] cache:45 - Loading template for "v3html/logs-view/v3-html-testrunner-logs-view.ftl"("en", UTF-8, parsed) from "jar:file:/C:/Users/hp/.m2/repository/com/aventstack/extentreports/4.0.9/extentreports-4.0.9.jar!/com/aventstack/extentreports/view/v3html/logs-view/v3-html-testrunner-logs-view.ftl"
2020-08-14 15:45:15,998  INFO [TestNG-tests-1] LoginTest:31 - Browser lounched...! and url is hited
2020-08-14 15:45:16,000  INFO [TestNG-tests-1] LoginTest:35 - Successfully completed Test case, so analysing the result
2020-08-14 15:45:16,000  INFO [TestNG-tests-1] LoginTest:51 - Closing the browser instance
2020-08-14 15:45:16,040  INFO [TestNG-tests-1] LoginTest:31 - Browser lounched...! and url is hited
2020-08-14 15:45:16,045  INFO [TestNG-tests-1] LoginTest:35 - Successfully completed Test case, so analysing the result
2020-08-14 15:45:16,045  INFO [TestNG-tests-1] LoginTest:51 - Closing the browser instance
2020-08-14 15:45:16,070  INFO [TestNG-tests-1] HomeTest:57 - Flushimg the results into Extent report
2020-08-14 15:45:16,095 DEBUG [TestNG-tests-1] cache:45 - Couldn't find template in cache for "v3html/v3-html-index.ftl"("en", UTF-8, parsed); will try to load it.
2020-08-14 15:45:16,099 DEBUG [TestNG-tests-1] cache:45 - TemplateLoader.findTemplateSource("v3html/v3-html-index_en.ftl"): Not found
2020-08-14 15:45:16,100 DEBUG [TestNG-tests-1] cache:45 - TemplateLoader.findTemplateSource("v3html/v3-html-index.ftl"): Found
2020-08-14 15:45:16,100 DEBUG [TestNG-tests-1] cache:45 - Loading template for "v3html/v3-html-index.ftl"("en", UTF-8, parsed) from "jar:file:/C:/Users/hp/.m2/repository/com/aventstack/extentreports/4.0.9/extentreports-4.0.9.jar!/com/aventstack/extentreports/view/v3html/v3-html-index.ftl"
2020-08-14 15:45:16,140 DEBUG [TestNG-tests-1] cache:45 - Couldn't find template in cache for "v3html/v3-html-head.ftl"("en", UTF-8, parsed); will try to load it.
2020-08-14 15:45:16,141 DEBUG [TestNG-tests-1] cache:45 - TemplateLoader.findTemplateSource("v3html/v3-html-head_en.ftl"): Not found
2020-08-14 15:45:16,141 DEBUG [TestNG-tests-1] cache:45 - TemplateLoader.findTemplateSource("v3html/v3-html-head.ftl"): Found
2020-08-14 15:45:16,141 DEBUG [TestNG-tests-1] cache:45 - Loading template for "v3html/v3-html-head.ftl"("en", UTF-8, parsed) from "jar:file:/C:/Users/hp/.m2/repository/com/aventstack/extentreports/4.0.9/extentreports-4.0.9.jar!/com/aventstack/extentreports/view/v3html/v3-html-head.ftl"
2020-08-14 15:45:16,141 DEBUG [TestNG-tests-1] cache:45 - Couldn't find template in cache for "v3html/v3-html-nav.ftl"("en", UTF-8, parsed); will try to load it.
2020-08-14 15:45:16,149 DEBUG [TestNG-tests-1] cache:45 - TemplateLoader.findTemplateSource("v3html/v3-html-nav_en.ftl"): Not found
2020-08-14 15:45:16,149 DEBUG [TestNG-tests-1] cache:45 - TemplateLoader.findTemplateSource("v3html/v3-html-nav.ftl"): Found
2020-08-14 15:45:16,149 DEBUG [TestNG-tests-1] cache:45 - Loading template for "v3html/v3-html-nav.ftl"("en", UTF-8, parsed) from "jar:file:/C:/Users/hp/.m2/repository/com/aventstack/extentreports/4.0.9/extentreports-4.0.9.jar!/com/aventstack/extentreports/view/v3html/v3-html-nav.ftl"
2020-08-14 15:45:16,165 DEBUG [TestNG-tests-1] cache:45 - Couldn't find template in cache for "v3html/test-view/v3-html-test-view.ftl"("en", UTF-8, parsed); will try to load it.
2020-08-14 15:45:16,165 DEBUG [TestNG-tests-1] cache:45 - TemplateLoader.findTemplateSource("v3html/test-view/v3-html-test-view_en.ftl"): Not found
2020-08-14 15:45:16,165 DEBUG [TestNG-tests-1] cache:45 - TemplateLoader.findTemplateSource("v3html/test-view/v3-html-test-view.ftl"): Found
2020-08-14 15:45:16,165 DEBUG [TestNG-tests-1] cache:45 - Loading template for "v3html/test-view/v3-html-test-view.ftl"("en", UTF-8, parsed) from "jar:file:/C:/Users/hp/.m2/repository/com/aventstack/extentreports/4.0.9/extentreports-4.0.9.jar!/com/aventstack/extentreports/view/v3html/test-view/v3-html-test-view.ftl"
2020-08-14 15:45:16,181 DEBUG [TestNG-tests-1] cache:45 - Couldn't find template in cache for "v3html/test-view/v3-html-test-view-charts.ftl"("en", UTF-8, parsed); will try to load it.
2020-08-14 15:45:16,181 DEBUG [TestNG-tests-1] cache:45 - TemplateLoader.findTemplateSource("v3html/test-view/v3-html-test-view-charts_en.ftl"): Not found
2020-08-14 15:45:16,181 DEBUG [TestNG-tests-1] cache:45 - TemplateLoader.findTemplateSource("v3html/test-view/v3-html-test-view-charts.ftl"): Found
2020-08-14 15:45:16,181 DEBUG [TestNG-tests-1] cache:45 - Loading template for "v3html/test-view/v3-html-test-view-charts.ftl"("en", UTF-8, parsed) from "jar:file:/C:/Users/hp/.m2/repository/com/aventstack/extentreports/4.0.9/extentreports-4.0.9.jar!/com/aventstack/extentreports/view/v3html/test-view/v3-html-test-view-charts.ftl"
2020-08-14 15:45:16,223 DEBUG [TestNG-tests-1] cache:45 - Couldn't find template in cache for "v3html/test-view/v3-html-standard.ftl"("en", UTF-8, parsed); will try to load it.
2020-08-14 15:45:16,224 DEBUG [TestNG-tests-1] cache:45 - TemplateLoader.findTemplateSource("v3html/test-view/v3-html-standard_en.ftl"): Not found
2020-08-14 15:45:16,224 DEBUG [TestNG-tests-1] cache:45 - TemplateLoader.findTemplateSource("v3html/test-view/v3-html-standard.ftl"): Found
2020-08-14 15:45:16,225 DEBUG [TestNG-tests-1] cache:45 - Loading template for "v3html/test-view/v3-html-standard.ftl"("en", UTF-8, parsed) from "jar:file:/C:/Users/hp/.m2/repository/com/aventstack/extentreports/4.0.9/extentreports-4.0.9.jar!/com/aventstack/extentreports/view/v3html/test-view/v3-html-standard.ftl"
2020-08-14 15:45:16,232 DEBUG [TestNG-tests-1] cache:45 - "v3html/test-view/v3-html-standard.ftl"("en", UTF-8, parsed) cached copy not yet stale; using cached.
2020-08-14 15:45:16,232 DEBUG [TestNG-tests-1] cache:45 - "v3html/test-view/v3-html-standard.ftl"("en", UTF-8, parsed) cached copy not yet stale; using cached.
2020-08-14 15:45:16,254 DEBUG [TestNG-tests-1] cache:45 - "v3html/test-view/v3-html-standard.ftl"("en", UTF-8, parsed) cached copy not yet stale; using cached.
2020-08-14 15:45:16,255 DEBUG [TestNG-tests-1] cache:45 - "v3html/test-view/v3-html-standard.ftl"("en", UTF-8, parsed) cached copy not yet stale; using cached.
2020-08-14 15:45:16,255 DEBUG [TestNG-tests-1] cache:45 - "v3html/test-view/v3-html-standard.ftl"("en", UTF-8, parsed) cached copy not yet stale; using cached.
2020-08-14 15:45:16,263 DEBUG [TestNG-tests-1] cache:45 - "v3html/test-view/v3-html-standard.ftl"("en", UTF-8, parsed) cached copy not yet stale; using cached.
2020-08-14 15:45:16,263 DEBUG [TestNG-tests-1] cache:45 - "v3html/test-view/v3-html-standard.ftl"("en", UTF-8, parsed) cached copy not yet stale; using cached.
2020-08-14 15:45:16,263 DEBUG [TestNG-tests-1] cache:45 - "v3html/test-view/v3-html-standard.ftl"("en", UTF-8, parsed) cached copy not yet stale; using cached.
2020-08-14 15:45:16,271 DEBUG [TestNG-tests-1] cache:45 - "v3html/test-view/v3-html-standard.ftl"("en", UTF-8, parsed) cached copy not yet stale; using cached.
2020-08-14 15:45:16,271 DEBUG [TestNG-tests-1] cache:45 - "v3html/test-view/v3-html-standard.ftl"("en", UTF-8, parsed) cached copy not yet stale; using cached.
2020-08-14 15:45:16,271 DEBUG [TestNG-tests-1] cache:45 - "v3html/test-view/v3-html-standard.ftl"("en", UTF-8, parsed) cached copy not yet stale; using cached.
2020-08-14 15:45:16,271 DEBUG [TestNG-tests-1] cache:45 - Couldn't find template in cache for "v3html/category-view/v3-html-category-view.ftl"("en", UTF-8, parsed); will try to load it.
2020-08-14 15:45:16,271 DEBUG [TestNG-tests-1] cache:45 - TemplateLoader.findTemplateSource("v3html/category-view/v3-html-category-view_en.ftl"): Not found
2020-08-14 15:45:16,271 DEBUG [TestNG-tests-1] cache:45 - TemplateLoader.findTemplateSource("v3html/category-view/v3-html-category-view.ftl"): Found
2020-08-14 15:45:16,271 DEBUG [TestNG-tests-1] cache:45 - Loading template for "v3html/category-view/v3-html-category-view.ftl"("en", UTF-8, parsed) from "jar:file:/C:/Users/hp/.m2/repository/com/aventstack/extentreports/4.0.9/extentreports-4.0.9.jar!/com/aventstack/extentreports/view/v3html/category-view/v3-html-category-view.ftl"
2020-08-14 15:45:16,287 DEBUG [TestNG-tests-1] cache:45 - Couldn't find template in cache for "v3html/exception-view/v3-html-exception-view.ftl"("en", UTF-8, parsed); will try to load it.
2020-08-14 15:45:16,287 DEBUG [TestNG-tests-1] cache:45 - TemplateLoader.findTemplateSource("v3html/exception-view/v3-html-exception-view_en.ftl"): Not found
2020-08-14 15:45:16,295 DEBUG [TestNG-tests-1] cache:45 - TemplateLoader.findTemplateSource("v3html/exception-view/v3-html-exception-view.ftl"): Found
2020-08-14 15:45:16,295 DEBUG [TestNG-tests-1] cache:45 - Loading template for "v3html/exception-view/v3-html-exception-view.ftl"("en", UTF-8, parsed) from "jar:file:/C:/Users/hp/.m2/repository/com/aventstack/extentreports/4.0.9/extentreports-4.0.9.jar!/com/aventstack/extentreports/view/v3html/exception-view/v3-html-exception-view.ftl"
2020-08-14 15:45:16,303 DEBUG [TestNG-tests-1] cache:45 - Couldn't find template in cache for "v3html/author-view/v3-html-author-view.ftl"("en", UTF-8, parsed); will try to load it.
2020-08-14 15:45:16,303 DEBUG [TestNG-tests-1] cache:45 - TemplateLoader.findTemplateSource("v3html/author-view/v3-html-author-view_en.ftl"): Not found
2020-08-14 15:45:16,303 DEBUG [TestNG-tests-1] cache:45 - TemplateLoader.findTemplateSource("v3html/author-view/v3-html-author-view.ftl"): Found
2020-08-14 15:45:16,303 DEBUG [TestNG-tests-1] cache:45 - Loading template for "v3html/author-view/v3-html-author-view.ftl"("en", UTF-8, parsed) from "jar:file:/C:/Users/hp/.m2/repository/com/aventstack/extentreports/4.0.9/extentreports-4.0.9.jar!/com/aventstack/extentreports/view/v3html/author-view/v3-html-author-view.ftl"
2020-08-14 15:45:16,311 DEBUG [TestNG-tests-1] cache:45 - Couldn't find template in cache for "v3html/dashboard-view/v3-html-dashboard-view.ftl"("en", UTF-8, parsed); will try to load it.
2020-08-14 15:45:16,311 DEBUG [TestNG-tests-1] cache:45 - TemplateLoader.findTemplateSource("v3html/dashboard-view/v3-html-dashboard-view_en.ftl"): Not found
2020-08-14 15:45:16,311 DEBUG [TestNG-tests-1] cache:45 - TemplateLoader.findTemplateSource("v3html/dashboard-view/v3-html-dashboard-view.ftl"): Found
2020-08-14 15:45:16,311 DEBUG [TestNG-tests-1] cache:45 - Loading template for "v3html/dashboard-view/v3-html-dashboard-view.ftl"("en", UTF-8, parsed) from "jar:file:/C:/Users/hp/.m2/repository/com/aventstack/extentreports/4.0.9/extentreports-4.0.9.jar!/com/aventstack/extentreports/view/v3html/dashboard-view/v3-html-dashboard-view.ftl"
2020-08-14 15:45:16,327 DEBUG [TestNG-tests-1] cache:45 - Couldn't find template in cache for "v3html/logs-view/v3-html-testrunner-logs-view.ftl"("en", UTF-8, parsed); will try to load it.
2020-08-14 15:45:16,327 DEBUG [TestNG-tests-1] cache:45 - TemplateLoader.findTemplateSource("v3html/logs-view/v3-html-testrunner-logs-view_en.ftl"): Not found
2020-08-14 15:45:16,327 DEBUG [TestNG-tests-1] cache:45 - TemplateLoader.findTemplateSource("v3html/logs-view/v3-html-testrunner-logs-view.ftl"): Found
2020-08-14 15:45:16,335 DEBUG [TestNG-tests-1] cache:45 - Loading template for "v3html/logs-view/v3-html-testrunner-logs-view.ftl"("en", UTF-8, parsed) from "jar:file:/C:/Users/hp/.m2/repository/com/aventstack/extentreports/4.0.9/extentreports-4.0.9.jar!/com/aventstack/extentreports/view/v3html/logs-view/v3-html-testrunner-logs-view.ftl"
