2020-08-14 15:32:38,223  INFO [main] HomeTest:30 - Extent report configurtion is completed and setted date for log4j properties file
2020-08-14 15:33:43,075  INFO [main] Class:33 - Entering harishkr755@gmail.com to [[ChromeDriver: chrome on XP (ade8f47bf86a99aa17b73e8ac31019e5)] -> xpath: //input[@placeholder='E-mail address']]
2020-08-14 15:33:43,251  INFO [main] Class:33 - Entering Harish@123 to [[ChromeDriver: chrome on XP (ade8f47bf86a99aa17b73e8ac31019e5)] -> xpath: //input[@placeholder='Password']]
2020-08-14 15:33:43,652  INFO [main] Class:28 - Clicked on the [[ChromeDriver: chrome on XP (ade8f47bf86a99aa17b73e8ac31019e5)] -> xpath: //div[@class='ui fluid large blue submit button']]
2020-08-14 15:33:48,078  INFO [main] HomeTest:35 - Successfully completed Test case, so analysing the result
2020-08-14 15:33:48,112  INFO [main] HomeTest:51 - Closing the browser instance
2020-08-14 15:34:38,100  INFO [main] LoginTest:31 - Browser lounched...! and url is hited
2020-08-14 15:34:38,483  INFO [main] Class:33 - Entering harishkr755@gmail.com to [[ChromeDriver: chrome on XP (d5e410622851cc96200710dfeff500db)] -> xpath: //input[@placeholder='E-mail address']]
2020-08-14 15:34:38,662  INFO [main] Class:33 - Entering Harish@123 to [[ChromeDriver: chrome on XP (d5e410622851cc96200710dfeff500db)] -> xpath: //input[@placeholder='Password']]
2020-08-14 15:34:38,884  INFO [main] Class:28 - Clicked on the [[ChromeDriver: chrome on XP (d5e410622851cc96200710dfeff500db)] -> xpath: //div[@class='ui fluid large blue submit button']]
2020-08-14 15:34:38,897  INFO [main] LoginTest:35 - Successfully completed Test case, so analysing the result
2020-08-14 15:34:38,903  INFO [main] LoginTest:51 - Closing the browser instance
2020-08-14 15:34:59,212  INFO [main] LoginTest:31 - Browser lounched...! and url is hited
2020-08-14 15:34:59,403  INFO [main] LoginTest:35 - Successfully completed Test case, so analysing the result
2020-08-14 15:34:59,416  INFO [main] LoginTest:51 - Closing the browser instance
2020-08-14 15:35:18,439  INFO [main] LoginTest:31 - Browser lounched...! and url is hited
2020-08-14 15:35:19,101  INFO [main] Class:33 - Entering abc to [[ChromeDriver: chrome on XP (610a07aac00333921c2b42068427fec3)] -> xpath: //input[@placeholder='E-mail address']]
2020-08-14 15:35:19,223  INFO [main] Class:33 - Entering abc to [[ChromeDriver: chrome on XP (610a07aac00333921c2b42068427fec3)] -> xpath: //input[@placeholder='Password']]
2020-08-14 15:35:19,423  INFO [main] Class:28 - Clicked on the [[ChromeDriver: chrome on XP (610a07aac00333921c2b42068427fec3)] -> xpath: //div[@class='ui fluid large blue submit button']]
2020-08-14 15:35:20,471  INFO [main] LoginTest:35 - Successfully completed Test case, so analysing the result
2020-08-14 15:35:20,474  INFO [main] LoginTest:51 - Closing the browser instance
2020-08-14 15:35:38,495  INFO [main] LoginTest:31 - Browser lounched...! and url is hited
2020-08-14 15:35:50,656  INFO [main] Class:28 - Clicked on the Proxy element for: DefaultElementLocator 'By.xpath: //a[contains(text(),'Forgot your password?')]'
2020-08-14 15:35:50,819  INFO [main] LoginTest:35 - Successfully completed Test case, so analysing the result
2020-08-14 15:35:50,819  INFO [main] LoginTest:51 - Closing the browser instance
2020-08-14 15:36:08,671  INFO [main] LoginTest:31 - Browser lounched...! and url is hited
2020-08-14 15:36:21,108  INFO [main] Class:28 - Clicked on the Proxy element for: DefaultElementLocator 'By.xpath: //a[contains(text(),'Forgot your password?')]'
2020-08-14 15:36:38,260  INFO [main] Class:28 - Clicked on the Proxy element for: DefaultElementLocator 'By.xpath: //a[contains(text(),'Got an account? Log in here')]'
2020-08-14 15:36:38,757  INFO [main] LoginTest:35 - Successfully completed Test case, so analysing the result
2020-08-14 15:36:38,759  INFO [main] LoginTest:51 - Closing the browser instance
2020-08-14 15:36:40,190  INFO [main] HomeTest:57 - Flushimg the results into Extent report
2020-08-14 15:36:40,404 DEBUG [main] cache:45 - Couldn't find template in cache for "v3html/v3-html-index.ftl"("en", UTF-8, parsed); will try to load it.
2020-08-14 15:36:40,412 DEBUG [main] cache:45 - TemplateLoader.findTemplateSource("v3html/v3-html-index_en.ftl"): Not found
2020-08-14 15:36:40,413 DEBUG [main] cache:45 - TemplateLoader.findTemplateSource("v3html/v3-html-index.ftl"): Found
2020-08-14 15:36:40,413 DEBUG [main] cache:45 - Loading template for "v3html/v3-html-index.ftl"("en", UTF-8, parsed) from "jar:file:/C:/Users/hp/.m2/repository/com/aventstack/extentreports/4.0.9/extentreports-4.0.9.jar!/com/aventstack/extentreports/view/v3html/v3-html-index.ftl"
2020-08-14 15:36:41,923 DEBUG [main] cache:45 - Couldn't find template in cache for "v3html/v3-html-head.ftl"("en", UTF-8, parsed); will try to load it.
2020-08-14 15:36:41,923 DEBUG [main] cache:45 - TemplateLoader.findTemplateSource("v3html/v3-html-head_en.ftl"): Not found
2020-08-14 15:36:41,923 DEBUG [main] cache:45 - TemplateLoader.findTemplateSource("v3html/v3-html-head.ftl"): Found
2020-08-14 15:36:41,923 DEBUG [main] cache:45 - Loading template for "v3html/v3-html-head.ftl"("en", UTF-8, parsed) from "jar:file:/C:/Users/hp/.m2/repository/com/aventstack/extentreports/4.0.9/extentreports-4.0.9.jar!/com/aventstack/extentreports/view/v3html/v3-html-head.ftl"
2020-08-14 15:36:41,938 DEBUG [main] cache:45 - Couldn't find template in cache for "v3html/v3-html-nav.ftl"("en", UTF-8, parsed); will try to load it.
2020-08-14 15:36:41,938 DEBUG [main] cache:45 - TemplateLoader.findTemplateSource("v3html/v3-html-nav_en.ftl"): Not found
2020-08-14 15:36:41,938 DEBUG [main] cache:45 - TemplateLoader.findTemplateSource("v3html/v3-html-nav.ftl"): Found
2020-08-14 15:36:41,938 DEBUG [main] cache:45 - Loading template for "v3html/v3-html-nav.ftl"("en", UTF-8, parsed) from "jar:file:/C:/Users/hp/.m2/repository/com/aventstack/extentreports/4.0.9/extentreports-4.0.9.jar!/com/aventstack/extentreports/view/v3html/v3-html-nav.ftl"
2020-08-14 15:36:42,003 DEBUG [main] cache:45 - Couldn't find template in cache for "v3html/test-view/v3-html-test-view.ftl"("en", UTF-8, parsed); will try to load it.
2020-08-14 15:36:42,003 DEBUG [main] cache:45 - TemplateLoader.findTemplateSource("v3html/test-view/v3-html-test-view_en.ftl"): Not found
2020-08-14 15:36:42,003 DEBUG [main] cache:45 - TemplateLoader.findTemplateSource("v3html/test-view/v3-html-test-view.ftl"): Found
2020-08-14 15:36:42,003 DEBUG [main] cache:45 - Loading template for "v3html/test-view/v3-html-test-view.ftl"("en", UTF-8, parsed) from "jar:file:/C:/Users/hp/.m2/repository/com/aventstack/extentreports/4.0.9/extentreports-4.0.9.jar!/com/aventstack/extentreports/view/v3html/test-view/v3-html-test-view.ftl"
2020-08-14 15:36:42,053 DEBUG [main] cache:45 - Couldn't find template in cache for "v3html/test-view/v3-html-test-view-charts.ftl"("en", UTF-8, parsed); will try to load it.
2020-08-14 15:36:42,053 DEBUG [main] cache:45 - TemplateLoader.findTemplateSource("v3html/test-view/v3-html-test-view-charts_en.ftl"): Not found
2020-08-14 15:36:42,053 DEBUG [main] cache:45 - TemplateLoader.findTemplateSource("v3html/test-view/v3-html-test-view-charts.ftl"): Found
2020-08-14 15:36:42,053 DEBUG [main] cache:45 - Loading template for "v3html/test-view/v3-html-test-view-charts.ftl"("en", UTF-8, parsed) from "jar:file:/C:/Users/hp/.m2/repository/com/aventstack/extentreports/4.0.9/extentreports-4.0.9.jar!/com/aventstack/extentreports/view/v3html/test-view/v3-html-test-view-charts.ftl"
2020-08-14 15:36:42,126 DEBUG [main] cache:45 - Couldn't find template in cache for "v3html/test-view/v3-html-standard.ftl"("en", UTF-8, parsed); will try to load it.
2020-08-14 15:36:42,127 DEBUG [main] cache:45 - TemplateLoader.findTemplateSource("v3html/test-view/v3-html-standard_en.ftl"): Not found
2020-08-14 15:36:42,136 DEBUG [main] cache:45 - TemplateLoader.findTemplateSource("v3html/test-view/v3-html-standard.ftl"): Found
2020-08-14 15:36:42,140 DEBUG [main] cache:45 - Loading template for "v3html/test-view/v3-html-standard.ftl"("en", UTF-8, parsed) from "jar:file:/C:/Users/hp/.m2/repository/com/aventstack/extentreports/4.0.9/extentreports-4.0.9.jar!/com/aventstack/extentreports/view/v3html/test-view/v3-html-standard.ftl"
2020-08-14 15:36:42,168 DEBUG [main] cache:45 - "v3html/test-view/v3-html-standard.ftl"("en", UTF-8, parsed) cached copy not yet stale; using cached.
2020-08-14 15:36:42,168 DEBUG [main] cache:45 - "v3html/test-view/v3-html-standard.ftl"("en", UTF-8, parsed) cached copy not yet stale; using cached.
2020-08-14 15:36:42,168 DEBUG [main] cache:45 - "v3html/test-view/v3-html-standard.ftl"("en", UTF-8, parsed) cached copy not yet stale; using cached.
2020-08-14 15:36:42,183 DEBUG [main] cache:45 - "v3html/test-view/v3-html-standard.ftl"("en", UTF-8, parsed) cached copy not yet stale; using cached.
2020-08-14 15:36:42,183 DEBUG [main] cache:45 - "v3html/test-view/v3-html-standard.ftl"("en", UTF-8, parsed) cached copy not yet stale; using cached.
2020-08-14 15:36:42,183 DEBUG [main] cache:45 - Couldn't find template in cache for "v3html/category-view/v3-html-category-view.ftl"("en", UTF-8, parsed); will try to load it.
2020-08-14 15:36:42,183 DEBUG [main] cache:45 - TemplateLoader.findTemplateSource("v3html/category-view/v3-html-category-view_en.ftl"): Not found
2020-08-14 15:36:42,183 DEBUG [main] cache:45 - TemplateLoader.findTemplateSource("v3html/category-view/v3-html-category-view.ftl"): Found
2020-08-14 15:36:42,183 DEBUG [main] cache:45 - Loading template for "v3html/category-view/v3-html-category-view.ftl"("en", UTF-8, parsed) from "jar:file:/C:/Users/hp/.m2/repository/com/aventstack/extentreports/4.0.9/extentreports-4.0.9.jar!/com/aventstack/extentreports/view/v3html/category-view/v3-html-category-view.ftl"
2020-08-14 15:36:42,196 DEBUG [main] cache:45 - Couldn't find template in cache for "v3html/exception-view/v3-html-exception-view.ftl"("en", UTF-8, parsed); will try to load it.
2020-08-14 15:36:42,196 DEBUG [main] cache:45 - TemplateLoader.findTemplateSource("v3html/exception-view/v3-html-exception-view_en.ftl"): Not found
2020-08-14 15:36:42,196 DEBUG [main] cache:45 - TemplateLoader.findTemplateSource("v3html/exception-view/v3-html-exception-view.ftl"): Found
2020-08-14 15:36:42,196 DEBUG [main] cache:45 - Loading template for "v3html/exception-view/v3-html-exception-view.ftl"("en", UTF-8, parsed) from "jar:file:/C:/Users/hp/.m2/repository/com/aventstack/extentreports/4.0.9/extentreports-4.0.9.jar!/com/aventstack/extentreports/view/v3html/exception-view/v3-html-exception-view.ftl"
2020-08-14 15:36:42,196 DEBUG [main] cache:45 - Couldn't find template in cache for "v3html/author-view/v3-html-author-view.ftl"("en", UTF-8, parsed); will try to load it.
2020-08-14 15:36:42,196 DEBUG [main] cache:45 - TemplateLoader.findTemplateSource("v3html/author-view/v3-html-author-view_en.ftl"): Not found
2020-08-14 15:36:42,196 DEBUG [main] cache:45 - TemplateLoader.findTemplateSource("v3html/author-view/v3-html-author-view.ftl"): Found
2020-08-14 15:36:42,196 DEBUG [main] cache:45 - Loading template for "v3html/author-view/v3-html-author-view.ftl"("en", UTF-8, parsed) from "jar:file:/C:/Users/hp/.m2/repository/com/aventstack/extentreports/4.0.9/extentreports-4.0.9.jar!/com/aventstack/extentreports/view/v3html/author-view/v3-html-author-view.ftl"
2020-08-14 15:36:42,196 DEBUG [main] cache:45 - Couldn't find template in cache for "v3html/dashboard-view/v3-html-dashboard-view.ftl"("en", UTF-8, parsed); will try to load it.
2020-08-14 15:36:42,196 DEBUG [main] cache:45 - TemplateLoader.findTemplateSource("v3html/dashboard-view/v3-html-dashboard-view_en.ftl"): Not found
2020-08-14 15:36:42,211 DEBUG [main] cache:45 - TemplateLoader.findTemplateSource("v3html/dashboard-view/v3-html-dashboard-view.ftl"): Found
2020-08-14 15:36:42,211 DEBUG [main] cache:45 - Loading template for "v3html/dashboard-view/v3-html-dashboard-view.ftl"("en", UTF-8, parsed) from "jar:file:/C:/Users/hp/.m2/repository/com/aventstack/extentreports/4.0.9/extentreports-4.0.9.jar!/com/aventstack/extentreports/view/v3html/dashboard-view/v3-html-dashboard-view.ftl"
2020-08-14 15:36:42,227 DEBUG [main] cache:45 - Couldn't find template in cache for "v3html/logs-view/v3-html-testrunner-logs-view.ftl"("en", UTF-8, parsed); will try to load it.
2020-08-14 15:36:42,227 DEBUG [main] cache:45 - TemplateLoader.findTemplateSource("v3html/logs-view/v3-html-testrunner-logs-view_en.ftl"): Not found
2020-08-14 15:36:42,227 DEBUG [main] cache:45 - TemplateLoader.findTemplateSource("v3html/logs-view/v3-html-testrunner-logs-view.ftl"): Found
2020-08-14 15:36:42,227 DEBUG [main] cache:45 - Loading template for "v3html/logs-view/v3-html-testrunner-logs-view.ftl"("en", UTF-8, parsed) from "jar:file:/C:/Users/hp/.m2/repository/com/aventstack/extentreports/4.0.9/extentreports-4.0.9.jar!/com/aventstack/extentreports/view/v3html/logs-view/v3-html-testrunner-logs-view.ftl"
